2026-06-02 21:02:50.750 [main] INFO  org.example.tliastest.TliasTestApplication - Starting TliasTestApplication using Java 17.0.18 with PID 25800 (E:\code\SpringBoot-Study\Tlias-Test\target\classes started by TeddiZen in E:\code\SpringBoot-Study)
2026-06-02 21:02:50.756 [main] INFO  org.example.tliastest.TliasTestApplication - No active profile set, falling back to 1 default profile: "default"
2026-06-02 21:02:51.637 [main] INFO  org.springframework.boot.tomcat.TomcatWebServer - Tomcat initialized with port 8080 (http)
2026-06-02 21:02:51.647 [main] INFO  org.apache.coyote.http11.Http11NioProtocol - Initializing ProtocolHandler ["http-nio-8080"]
2026-06-02 21:02:51.647 [main] INFO  org.apache.catalina.core.StandardService - Starting service [Tomcat]
2026-06-02 21:02:51.648 [main] INFO  org.apache.catalina.core.StandardEngine - Starting Servlet engine: [Apache Tomcat/11.0.21]
2026-06-02 21:02:51.689 [main] INFO  o.s.b.w.c.servlet.WebApplicationContextInitializer - Root WebApplicationContext: initialization completed in 896 ms
2026-06-02 21:02:52.265 [main] INFO  org.apache.coyote.http11.Http11NioProtocol - Starting ProtocolHandler ["http-nio-8080"]
2026-06-02 21:02:52.282 [main] INFO  org.springframework.boot.tomcat.TomcatWebServer - Tomcat started on port 8080 (http) with context path '/'
2026-06-02 21:02:52.286 [main] INFO  org.example.tliastest.TliasTestApplication - Started TliasTestApplication in 2.026 seconds (process running for 3.25)
2026-06-02 21:04:33.708 [http-nio-8080-exec-1] INFO  o.a.c.core.ContainerBase.[Tomcat].[localhost].[/] - Initializing Spring DispatcherServlet 'dispatcherServlet'
2026-06-02 21:04:33.710 [http-nio-8080-exec-1] INFO  org.springframework.web.servlet.DispatcherServlet - Initializing Servlet 'dispatcherServlet'
2026-06-02 21:04:33.730 [http-nio-8080-exec-1] INFO  org.springframework.web.servlet.DispatcherServlet - Completed initialization in 20 ms
2026-06-02 21:04:33.788 [http-nio-8080-exec-1] INFO  org.example.tliastest.aop.TestAspect - 员工操作前: EmpController.getEmp
2026-06-02 21:04:33.788 [http-nio-8080-exec-1] INFO  org.example.tliastest.controller.EmpController - 分页查询
2026-06-02 21:04:33.863 [http-nio-8080-exec-1] INFO  com.zaxxer.hikari.HikariDataSource - HikariPool-1 - Starting...
2026-06-02 21:04:34.291 [http-nio-8080-exec-1] INFO  com.zaxxer.hikari.pool.HikariPool - HikariPool-1 - Added connection com.mysql.cj.jdbc.ConnectionImpl@45d11c0c
2026-06-02 21:04:34.293 [http-nio-8080-exec-1] INFO  com.zaxxer.hikari.HikariDataSource - HikariPool-1 - Start completed.
2026-06-02 21:04:34.423 [http-nio-8080-exec-1] INFO  org.example.tliastest.controller.EmpController - 分页查询完成
2026-06-02 21:04:34.423 [http-nio-8080-exec-1] INFO  org.example.tliastest.aop.TestAspect - 员工操作耗时: 635ms
2026-06-02 21:04:34.423 [http-nio-8080-exec-1] INFO  org.example.tliastest.aop.TestAspect - 员工操作后: EmpController.getEmp
2026-06-02 21:05:22.715 [http-nio-8080-exec-2] INFO  org.example.tliastest.aop.TestAspect - 员工操作前: EmpController.getIdEmp
2026-06-02 21:05:22.715 [http-nio-8080-exec-2] INFO  org.example.tliastest.controller.EmpController - 查询员工的id列表：30
2026-06-02 21:05:22.791 [http-nio-8080-exec-2] INFO  org.example.tliastest.controller.EmpController - 查询出来的员工的列表：Emp(id=30, username=liyun, password=123456, name=李云, gender=1, phone=13309090030, job=2, salary=21333, image=https://web-framework.oss-cn-hangzhou.aliyuncs.com/2023/1.jpg, entryDate=2020-03-01, deptId=10, createTime=2023-10-20T16:35:33, updateTime=2026-05-16T17:26:05, deptName=人事部, exprList=[EmpExpr(id=null, empId=30, begin=2026-05-23, end=2026-06-25, company=asdasd, job=asd)])
2026-06-02 21:05:22.799 [http-nio-8080-exec-2] INFO  org.example.tliastest.aop.TestAspect - 员工操作耗时: 84ms
2026-06-02 21:05:22.799 [http-nio-8080-exec-2] INFO  org.example.tliastest.aop.TestAspect - 员工操作后: EmpController.getIdEmp
2026-06-02 21:05:27.526 [http-nio-8080-exec-3] INFO  org.example.tliastest.aop.TestAspect - 员工操作前: EmpController.getIdEmp
2026-06-02 21:05:27.526 [http-nio-8080-exec-3] INFO  org.example.tliastest.controller.EmpController - 查询员工的id列表：36
2026-06-02 21:05:27.537 [http-nio-8080-exec-3] INFO  org.example.tliastest.controller.EmpController - 查询出来的员工的列表：Emp(id=36, username=linghuchong, password=123456, name=令狐冲, gender=1, phone=18809091212, job=2, salary=6800, image=https://web-framework.oss-cn-hangzhou.aliyuncs.com/2023/1.jpg, entryDate=2023-10-19, deptId=2, createTime=2023-10-20T20:44:54, updateTime=2023-11-09T09:41:04, deptName=教研部, exprList=[])
2026-06-02 21:05:27.537 [http-nio-8080-exec-3] INFO  org.example.tliastest.aop.TestAspect - 员工操作耗时: 11ms
2026-06-02 21:05:27.537 [http-nio-8080-exec-3] INFO  org.example.tliastest.aop.TestAspect - 员工操作后: EmpController.getIdEmp
2026-06-02 21:05:30.082 [http-nio-8080-exec-5] INFO  org.example.tliastest.aop.TestAspect - 员工操作前: EmpController.getIdEmp
2026-06-02 21:05:30.084 [http-nio-8080-exec-5] INFO  org.example.tliastest.controller.EmpController - 查询员工的id列表：41
2026-06-02 21:05:30.095 [http-nio-8080-exec-5] INFO  org.example.tliastest.controller.EmpController - 查询出来的员工的列表：Emp(id=41, username=teddi, password=null, name=哲迪君, gender=1, phone=12344446666, job=4, salary=12000, image=https://teddizen-java-tesy.oss-cn-guangzhou.aliyuncs.com/2026/05/fe80d8f3-726a-475e-9b2b-7f6660ee772f.jpg, entryDate=2026-05-05, deptId=8, createTime=2026-05-15T13:58:23, updateTime=2026-05-21T22:13:42, deptName=宣传部, exprList=[EmpExpr(id=null, empId=41, begin=2026-05-14, end=2026-06-18, company=12312, job=567yey)])
2026-06-02 21:05:30.095 [http-nio-8080-exec-5] INFO  org.example.tliastest.aop.TestAspect - 员工操作耗时: 13ms
2026-06-02 21:05:30.095 [http-nio-8080-exec-5] INFO  org.example.tliastest.aop.TestAspect - 员工操作后: EmpController.getIdEmp
2026-06-02 21:12:44.036 [http-nio-8080-exec-4] INFO  org.example.tliastest.aop.TestAspect - 员工操作前: EmpController.getEmp
2026-06-02 21:12:44.036 [http-nio-8080-exec-4] INFO  org.example.tliastest.controller.EmpController - 分页查询
2026-06-02 21:12:44.055 [http-nio-8080-exec-4] INFO  org.example.tliastest.controller.EmpController - 分页查询完成
2026-06-02 21:12:44.055 [http-nio-8080-exec-4] INFO  org.example.tliastest.aop.TestAspect - 员工操作耗时: 19ms
2026-06-02 21:12:44.055 [http-nio-8080-exec-4] INFO  org.example.tliastest.aop.TestAspect - 员工操作后: EmpController.getEmp
2026-06-02 21:12:47.763 [http-nio-8080-exec-6] INFO  org.example.tliastest.aop.TestAspect - 员工操作前: EmpController.getEmp
2026-06-02 21:12:47.763 [http-nio-8080-exec-6] INFO  org.example.tliastest.controller.EmpController - 分页查询
2026-06-02 21:12:47.775 [http-nio-8080-exec-6] INFO  org.example.tliastest.controller.EmpController - 分页查询完成
2026-06-02 21:12:47.775 [http-nio-8080-exec-6] INFO  org.example.tliastest.aop.TestAspect - 员工操作耗时: 12ms
2026-06-02 21:12:47.776 [http-nio-8080-exec-6] INFO  org.example.tliastest.aop.TestAspect - 员工操作后: EmpController.getEmp
2026-06-02 21:12:49.108 [http-nio-8080-exec-7] INFO  org.example.tliastest.aop.TestAspect - 员工操作前: EmpController.getIdEmp
2026-06-02 21:12:49.110 [http-nio-8080-exec-7] INFO  org.example.tliastest.controller.EmpController - 查询员工的id列表：41
2026-06-02 21:12:49.171 [http-nio-8080-exec-7] INFO  org.example.tliastest.controller.EmpController - 查询出来的员工的列表：Emp(id=41, username=teddi, password=null, name=哲迪君, gender=1, phone=12344446666, job=4, salary=12000, image=https://teddizen-java-tesy.oss-cn-guangzhou.aliyuncs.com/2026/05/fe80d8f3-726a-475e-9b2b-7f6660ee772f.jpg, entryDate=2026-05-05, deptId=8, createTime=2026-05-15T13:58:23, updateTime=2026-05-21T22:13:42, deptName=宣传部, exprList=[EmpExpr(id=null, empId=41, begin=2026-05-14, end=2026-06-18, company=12312, job=567yey)])
2026-06-02 21:12:49.171 [http-nio-8080-exec-7] INFO  org.example.tliastest.aop.TestAspect - 员工操作耗时: 63ms
2026-06-02 21:12:49.171 [http-nio-8080-exec-7] INFO  org.example.tliastest.aop.TestAspect - 员工操作后: EmpController.getIdEmp
2026-06-02 21:13:53.182 [http-nio-8080-exec-8] INFO  org.example.tliastest.aop.TestAspect - 员工操作前: EmpController.getEmp
2026-06-02 21:13:53.182 [http-nio-8080-exec-8] INFO  org.example.tliastest.controller.EmpController - 分页查询
2026-06-02 21:13:53.195 [http-nio-8080-exec-8] INFO  org.example.tliastest.controller.EmpController - 分页查询完成
2026-06-02 21:13:53.195 [http-nio-8080-exec-8] INFO  org.example.tliastest.aop.TestAspect - 员工操作耗时: 13ms
2026-06-02 21:13:53.195 [http-nio-8080-exec-8] INFO  org.example.tliastest.aop.TestAspect - 员工操作后: EmpController.getEmp
2026-06-02 21:13:57.747 [http-nio-8080-exec-9] INFO  org.example.tliastest.aop.TestAspect - 员工操作前: EmpController.getIdEmp
2026-06-02 21:13:57.747 [http-nio-8080-exec-9] INFO  org.example.tliastest.controller.EmpController - 查询员工的id列表：41
2026-06-02 21:13:57.760 [http-nio-8080-exec-9] INFO  org.example.tliastest.controller.EmpController - 查询出来的员工的列表：Emp(id=41, username=teddi, password=null, name=哲迪君, gender=1, phone=12344446666, job=4, salary=12000, image=https://teddizen-java-tesy.oss-cn-guangzhou.aliyuncs.com/2026/05/fe80d8f3-726a-475e-9b2b-7f6660ee772f.jpg, entryDate=2026-05-05, deptId=8, createTime=2026-05-15T13:58:23, updateTime=2026-05-21T22:13:42, deptName=宣传部, exprList=[EmpExpr(id=null, empId=41, begin=2026-05-14, end=2026-06-18, company=12312, job=567yey)])
2026-06-02 21:13:57.760 [http-nio-8080-exec-9] INFO  org.example.tliastest.aop.TestAspect - 员工操作耗时: 13ms
2026-06-02 21:13:57.760 [http-nio-8080-exec-9] INFO  org.example.tliastest.aop.TestAspect - 员工操作后: EmpController.getIdEmp
2026-06-02 22:47:35.860 [http-nio-8080-exec-10] INFO  org.example.tliastest.aop.TestAspect - 员工操作前: EmpController.getEmp
2026-06-02 22:47:35.866 [http-nio-8080-exec-10] INFO  org.example.tliastest.controller.EmpController - 分页查询
2026-06-02 22:47:35.925 [http-nio-8080-exec-10] INFO  org.example.tliastest.controller.EmpController - 分页查询完成
2026-06-02 22:47:35.925 [http-nio-8080-exec-10] INFO  org.example.tliastest.aop.TestAspect - 员工操作耗时: 65ms
2026-06-02 22:47:35.925 [http-nio-8080-exec-10] INFO  org.example.tliastest.aop.TestAspect - 员工操作后: EmpController.getEmp
2026-06-02 22:47:38.021 [http-nio-8080-exec-1] INFO  org.example.tliastest.aop.TestAspect - 员工操作前: EmpController.getIdEmp
2026-06-02 22:47:38.021 [http-nio-8080-exec-1] INFO  org.example.tliastest.controller.EmpController - 查询员工的id列表：48
2026-06-02 22:47:38.074 [http-nio-8080-exec-1] INFO  org.example.tliastest.controller.EmpController - 查询出来的员工的列表：Emp(id=48, username=测试OOS, password=null, name=OOS, gender=1, phone=12233330000, job=2, salary=2233, image=https://teddizen-java-tesy.oss-cn-guangzhou.aliyuncs.com/2026/05/723b79a7-8812-4a85-a104-a45d456b492a.jpg, entryDate=2026-05-03, deptId=12, createTime=2026-05-22T18:35:21, updateTime=2026-05-22T18:35:21, deptName=检查部, exprList=[])
2026-06-02 22:47:38.074 [http-nio-8080-exec-1] INFO  org.example.tliastest.aop.TestAspect - 员工操作耗时: 53ms
2026-06-02 22:47:38.074 [http-nio-8080-exec-1] INFO  org.example.tliastest.aop.TestAspect - 员工操作后: EmpController.getIdEmp
2026-06-02 22:57:49.587 [http-nio-8080-exec-2] INFO  org.example.tliastest.aop.TestAspect - 员工操作前: EmpController.getEmp
2026-06-02 22:57:49.587 [http-nio-8080-exec-2] INFO  org.example.tliastest.controller.EmpController - 分页查询
2026-06-02 22:57:49.607 [http-nio-8080-exec-2] INFO  org.example.tliastest.controller.EmpController - 分页查询完成
2026-06-02 22:57:49.607 [http-nio-8080-exec-2] INFO  org.example.tliastest.aop.TestAspect - 员工操作耗时: 20ms
2026-06-02 22:57:49.607 [http-nio-8080-exec-2] INFO  org.example.tliastest.aop.TestAspect - 员工操作后: EmpController.getEmp
2026-06-02 22:58:00.772 [http-nio-8080-exec-3] INFO  org.example.tliastest.aop.TestAspect - 员工操作前: EmpController.getIdEmp
2026-06-02 22:58:00.774 [http-nio-8080-exec-3] INFO  org.example.tliastest.controller.EmpController - 查询员工的id列表：48
2026-06-02 22:58:00.787 [http-nio-8080-exec-3] INFO  org.example.tliastest.controller.EmpController - 查询出来的员工的列表：Emp(id=48, username=测试OOS, password=null, name=OOS, gender=1, phone=12233330000, job=2, salary=2233, image=https://teddizen-java-tesy.oss-cn-guangzhou.aliyuncs.com/2026/05/723b79a7-8812-4a85-a104-a45d456b492a.jpg, entryDate=2026-05-03, deptId=12, createTime=2026-05-22T18:35:21, updateTime=2026-05-22T18:35:21, deptName=检查部, exprList=[])
2026-06-02 22:58:00.787 [http-nio-8080-exec-3] INFO  org.example.tliastest.aop.TestAspect - 员工操作耗时: 15ms
2026-06-02 22:58:00.787 [http-nio-8080-exec-3] INFO  org.example.tliastest.aop.TestAspect - 员工操作后: EmpController.getIdEmp
2026-06-02 22:59:08.936 [http-nio-8080-exec-5] INFO  org.example.tliastest.aop.TestAspect - 员工操作前: EmpController.getIdEmp
2026-06-02 22:59:08.941 [http-nio-8080-exec-5] INFO  org.example.tliastest.controller.EmpController - 查询员工的id列表：48
2026-06-02 22:59:08.952 [http-nio-8080-exec-5] INFO  org.example.tliastest.controller.EmpController - 查询出来的员工的列表：Emp(id=48, username=测试OOS, password=null, name=OOS, gender=1, phone=12233330000, job=2, salary=2233, image=https://teddizen-java-tesy.oss-cn-guangzhou.aliyuncs.com/2026/05/723b79a7-8812-4a85-a104-a45d456b492a.jpg, entryDate=2026-05-03, deptId=12, createTime=2026-05-22T18:35:21, updateTime=2026-05-22T18:35:21, deptName=检查部, exprList=[])
2026-06-02 22:59:08.952 [http-nio-8080-exec-5] INFO  org.example.tliastest.aop.TestAspect - 员工操作耗时: 16ms
2026-06-02 22:59:08.952 [http-nio-8080-exec-5] INFO  org.example.tliastest.aop.TestAspect - 员工操作后: EmpController.getIdEmp
2026-06-02 22:59:11.639 [http-nio-8080-exec-4] INFO  org.example.tliastest.aop.TestAspect - 员工操作前: EmpController.getIdEmp
2026-06-02 22:59:11.639 [http-nio-8080-exec-4] INFO  org.example.tliastest.controller.EmpController - 查询员工的id列表：41
2026-06-02 22:59:11.649 [http-nio-8080-exec-4] INFO  org.example.tliastest.controller.EmpController - 查询出来的员工的列表：Emp(id=41, username=teddi, password=null, name=哲迪君, gender=1, phone=12344446666, job=4, salary=12000, image=https://teddizen-java-tesy.oss-cn-guangzhou.aliyuncs.com/2026/05/fe80d8f3-726a-475e-9b2b-7f6660ee772f.jpg, entryDate=2026-05-05, deptId=8, createTime=2026-05-15T13:58:23, updateTime=2026-05-21T22:13:42, deptName=宣传部, exprList=[EmpExpr(id=null, empId=41, begin=2026-05-14, end=2026-06-18, company=12312, job=567yey)])
2026-06-02 22:59:11.650 [http-nio-8080-exec-4] INFO  org.example.tliastest.aop.TestAspect - 员工操作耗时: 11ms
2026-06-02 22:59:11.650 [http-nio-8080-exec-4] INFO  org.example.tliastest.aop.TestAspect - 员工操作后: EmpController.getIdEmp
2026-06-02 23:04:38.078 [http-nio-8080-exec-6] INFO  org.example.tliastest.aop.TestAspect - 员工操作前: EmpController.getIdEmp
2026-06-02 23:04:38.079 [http-nio-8080-exec-6] INFO  org.example.tliastest.controller.EmpController - 查询员工的id列表：41
2026-06-02 23:04:38.110 [http-nio-8080-exec-6] INFO  org.example.tliastest.controller.EmpController - 查询出来的员工的列表：Emp(id=41, username=teddi, password=null, name=哲迪君, gender=1, phone=12344446666, job=4, salary=12000, image=https://teddizen-java-tesy.oss-cn-guangzhou.aliyuncs.com/2026/05/fe80d8f3-726a-475e-9b2b-7f6660ee772f.jpg, entryDate=2026-05-05, deptId=8, createTime=2026-05-15T13:58:23, updateTime=2026-05-21T22:13:42, deptName=宣传部, exprList=[EmpExpr(id=null, empId=41, begin=2026-05-14, end=2026-06-18, company=12312, job=567yey)])
2026-06-02 23:04:38.111 [http-nio-8080-exec-6] INFO  org.example.tliastest.aop.TestAspect - 员工操作耗时: 33ms
2026-06-02 23:04:38.111 [http-nio-8080-exec-6] INFO  org.example.tliastest.aop.TestAspect - 员工操作后: EmpController.getIdEmp
2026-06-02 23:04:57.807 [http-nio-8080-exec-7] INFO  org.example.tliastest.aop.TestAspect - 员工操作前: EmpController.getIdEmp
2026-06-02 23:04:57.808 [http-nio-8080-exec-7] INFO  org.example.tliastest.controller.EmpController - 查询员工的id列表：41
2026-06-02 23:04:57.818 [http-nio-8080-exec-7] INFO  org.example.tliastest.controller.EmpController - 查询出来的员工的列表：Emp(id=41, username=teddi, password=null, name=哲迪君, gender=1, phone=12344446666, job=4, salary=12000, image=https://teddizen-java-tesy.oss-cn-guangzhou.aliyuncs.com/2026/05/fe80d8f3-726a-475e-9b2b-7f6660ee772f.jpg, entryDate=2026-05-05, deptId=8, createTime=2026-05-15T13:58:23, updateTime=2026-05-21T22:13:42, deptName=宣传部, exprList=[EmpExpr(id=null, empId=41, begin=2026-05-14, end=2026-06-18, company=12312, job=567yey)])
2026-06-02 23:04:57.818 [http-nio-8080-exec-7] INFO  org.example.tliastest.aop.TestAspect - 员工操作耗时: 11ms
2026-06-02 23:04:57.818 [http-nio-8080-exec-7] INFO  org.example.tliastest.aop.TestAspect - 员工操作后: EmpController.getIdEmp
2026-06-02 23:12:13.955 [http-nio-8080-exec-8] INFO  org.example.tliastest.aop.TestAspect - 员工操作前: EmpController.getIdEmp
2026-06-02 23:12:13.956 [http-nio-8080-exec-8] INFO  org.example.tliastest.controller.EmpController - 查询员工的id列表：36
2026-06-02 23:12:13.971 [http-nio-8080-exec-8] INFO  org.example.tliastest.controller.EmpController - 查询出来的员工的列表：Emp(id=36, username=linghuchong, password=123456, name=令狐冲, gender=1, phone=18809091212, job=2, salary=6800, image=https://web-framework.oss-cn-hangzhou.aliyuncs.com/2023/1.jpg, entryDate=2023-10-19, deptId=2, createTime=2023-10-20T20:44:54, updateTime=2023-11-09T09:41:04, deptName=教研部, exprList=[])
2026-06-02 23:12:13.971 [http-nio-8080-exec-8] INFO  org.example.tliastest.aop.TestAspect - 员工操作耗时: 16ms
2026-06-02 23:12:13.971 [http-nio-8080-exec-8] INFO  org.example.tliastest.aop.TestAspect - 员工操作后: EmpController.getIdEmp
2026-06-02 23:12:24.707 [http-nio-8080-exec-9] INFO  org.example.tliastest.aop.TestAspect - 员工操作前: EmpController.getIdEmp
2026-06-02 23:12:24.707 [http-nio-8080-exec-9] INFO  org.example.tliastest.controller.EmpController - 查询员工的id列表：41
2026-06-02 23:12:24.751 [http-nio-8080-exec-9] INFO  org.example.tliastest.controller.EmpController - 查询出来的员工的列表：Emp(id=41, username=teddi, password=null, name=哲迪君, gender=1, phone=12344446666, job=4, salary=12000, image=https://teddizen-java-tesy.oss-cn-guangzhou.aliyuncs.com/2026/05/fe80d8f3-726a-475e-9b2b-7f6660ee772f.jpg, entryDate=2026-05-05, deptId=8, createTime=2026-05-15T13:58:23, updateTime=2026-05-21T22:13:42, deptName=宣传部, exprList=[EmpExpr(id=null, empId=41, begin=2026-05-14, end=2026-06-18, company=12312, job=567yey)])
2026-06-02 23:12:24.751 [http-nio-8080-exec-9] INFO  org.example.tliastest.aop.TestAspect - 员工操作耗时: 44ms
2026-06-02 23:12:24.751 [http-nio-8080-exec-9] INFO  org.example.tliastest.aop.TestAspect - 员工操作后: EmpController.getIdEmp
2026-06-02 23:17:41.717 [http-nio-8080-exec-10] INFO  org.example.tliastest.aop.TestAspect - 员工操作前: EmpController.getEmp
2026-06-02 23:17:41.718 [http-nio-8080-exec-10] INFO  org.example.tliastest.controller.EmpController - 分页查询
2026-06-02 23:17:41.731 [http-nio-8080-exec-10] INFO  org.example.tliastest.controller.EmpController - 分页查询完成
2026-06-02 23:17:41.731 [http-nio-8080-exec-10] INFO  org.example.tliastest.aop.TestAspect - 员工操作耗时: 14ms
2026-06-02 23:17:41.731 [http-nio-8080-exec-10] INFO  org.example.tliastest.aop.TestAspect - 员工操作后: EmpController.getEmp
2026-06-02 23:23:05.728 [http-nio-8080-exec-1] INFO  org.example.tliastest.aop.TestAspect - 员工操作前: EmpController.getEmp
2026-06-02 23:23:05.731 [http-nio-8080-exec-1] INFO  org.example.tliastest.controller.EmpController - 分页查询
2026-06-02 23:23:05.748 [http-nio-8080-exec-1] INFO  org.example.tliastest.controller.EmpController - 分页查询完成
2026-06-02 23:23:05.748 [http-nio-8080-exec-1] INFO  org.example.tliastest.aop.TestAspect - 员工操作耗时: 20ms
2026-06-02 23:23:05.748 [http-nio-8080-exec-1] INFO  org.example.tliastest.aop.TestAspect - 员工操作后: EmpController.getEmp
2026-06-02 23:25:24.430 [http-nio-8080-exec-2] INFO  org.example.tliastest.aop.TestAspect - 员工操作前: EmpController.getEmp
2026-06-02 23:25:24.430 [http-nio-8080-exec-2] INFO  org.example.tliastest.controller.EmpController - 分页查询
2026-06-02 23:25:24.440 [http-nio-8080-exec-2] INFO  org.example.tliastest.controller.EmpController - 分页查询完成
2026-06-02 23:25:24.440 [http-nio-8080-exec-2] INFO  org.example.tliastest.aop.TestAspect - 员工操作耗时: 10ms
2026-06-02 23:25:24.440 [http-nio-8080-exec-2] INFO  org.example.tliastest.aop.TestAspect - 员工操作后: EmpController.getEmp
2026-06-02 23:25:43.701 [http-nio-8080-exec-3] INFO  org.example.tliastest.aop.TestAspect - 员工操作前: EmpController.getEmp
2026-06-02 23:25:43.702 [http-nio-8080-exec-3] INFO  org.example.tliastest.controller.EmpController - 分页查询
2026-06-02 23:25:43.711 [http-nio-8080-exec-3] INFO  org.example.tliastest.controller.EmpController - 分页查询完成
2026-06-02 23:25:43.712 [http-nio-8080-exec-3] INFO  org.example.tliastest.aop.TestAspect - 员工操作耗时: 11ms
2026-06-02 23:25:43.712 [http-nio-8080-exec-3] INFO  org.example.tliastest.aop.TestAspect - 员工操作后: EmpController.getEmp
2026-06-02 23:26:03.176 [http-nio-8080-exec-5] INFO  org.example.tliastest.aop.TestAspect - 员工操作前: EmpController.getEmp
2026-06-02 23:26:03.176 [http-nio-8080-exec-5] INFO  org.example.tliastest.controller.EmpController - 分页查询
2026-06-02 23:26:03.185 [http-nio-8080-exec-5] INFO  org.example.tliastest.controller.EmpController - 分页查询完成
2026-06-02 23:26:03.185 [http-nio-8080-exec-5] INFO  org.example.tliastest.aop.TestAspect - 员工操作耗时: 9ms
2026-06-02 23:26:03.185 [http-nio-8080-exec-5] INFO  org.example.tliastest.aop.TestAspect - 员工操作后: EmpController.getEmp
2026-06-02 23:26:44.733 [http-nio-8080-exec-4] INFO  org.example.tliastest.aop.TestAspect - 员工操作前: EmpController.getEmp
2026-06-02 23:26:44.734 [http-nio-8080-exec-4] INFO  org.example.tliastest.controller.EmpController - 分页查询
2026-06-02 23:26:44.743 [http-nio-8080-exec-4] INFO  org.example.tliastest.controller.EmpController - 分页查询完成
2026-06-02 23:26:44.743 [http-nio-8080-exec-4] INFO  org.example.tliastest.aop.TestAspect - 员工操作耗时: 10ms
2026-06-02 23:26:44.743 [http-nio-8080-exec-4] INFO  org.example.tliastest.aop.TestAspect - 员工操作后: EmpController.getEmp
2026-06-02 23:27:44.766 [http-nio-8080-exec-6] INFO  org.example.tliastest.aop.TestAspect - 员工操作前: EmpController.getEmp
2026-06-02 23:27:44.766 [http-nio-8080-exec-6] INFO  org.example.tliastest.controller.EmpController - 分页查询
2026-06-02 23:27:44.814 [http-nio-8080-exec-6] INFO  org.example.tliastest.controller.EmpController - 分页查询完成
2026-06-02 23:27:44.815 [http-nio-8080-exec-6] INFO  org.example.tliastest.aop.TestAspect - 员工操作耗时: 49ms
2026-06-02 23:27:44.815 [http-nio-8080-exec-6] INFO  org.example.tliastest.aop.TestAspect - 员工操作后: EmpController.getEmp
2026-06-02 23:29:24.788 [http-nio-8080-exec-7] INFO  org.example.tliastest.aop.TestAspect - 员工操作前: EmpController.getEmp
2026-06-02 23:29:24.788 [http-nio-8080-exec-7] INFO  org.example.tliastest.controller.EmpController - 分页查询
2026-06-02 23:29:24.817 [http-nio-8080-exec-7] INFO  org.example.tliastest.controller.EmpController - 分页查询完成
2026-06-02 23:29:24.817 [http-nio-8080-exec-7] INFO  org.example.tliastest.aop.TestAspect - 员工操作耗时: 29ms
2026-06-02 23:29:24.817 [http-nio-8080-exec-7] INFO  org.example.tliastest.aop.TestAspect - 员工操作后: EmpController.getEmp
2026-06-02 23:29:30.967 [http-nio-8080-exec-8] INFO  org.example.tliastest.aop.TestAspect - 员工操作前: EmpController.getIdEmp
2026-06-02 23:29:30.967 [http-nio-8080-exec-8] INFO  org.example.tliastest.controller.EmpController - 查询员工的id列表：48
2026-06-02 23:29:31.014 [http-nio-8080-exec-8] INFO  org.example.tliastest.controller.EmpController - 查询出来的员工的列表：Emp(id=48, username=测试OOS, password=null, name=OOS, gender=1, phone=12233330000, job=2, salary=2233, image=https://teddizen-java-tesy.oss-cn-guangzhou.aliyuncs.com/2026/05/723b79a7-8812-4a85-a104-a45d456b492a.jpg, entryDate=2026-05-03, deptId=12, createTime=2026-05-22T18:35:21, updateTime=2026-05-22T18:35:21, deptName=检查部, exprList=[])
2026-06-02 23:29:31.015 [http-nio-8080-exec-8] INFO  org.example.tliastest.aop.TestAspect - 员工操作耗时: 48ms
2026-06-02 23:29:31.015 [http-nio-8080-exec-8] INFO  org.example.tliastest.aop.TestAspect - 员工操作后: EmpController.getIdEmp
2026-06-02 23:29:45.158 [http-nio-8080-exec-9] INFO  org.example.tliastest.aop.TestAspect - 员工操作前: EmpController.getIdEmp
2026-06-02 23:29:45.158 [http-nio-8080-exec-9] INFO  org.example.tliastest.controller.EmpController - 查询员工的id列表：48
2026-06-02 23:29:45.219 [http-nio-8080-exec-9] INFO  org.example.tliastest.controller.EmpController - 查询出来的员工的列表：Emp(id=48, username=测试OOS, password=null, name=OOS, gender=1, phone=12233330000, job=2, salary=2233, image=https://teddizen-java-tesy.oss-cn-guangzhou.aliyuncs.com/2026/05/723b79a7-8812-4a85-a104-a45d456b492a.jpg, entryDate=2026-05-03, deptId=12, createTime=2026-05-22T18:35:21, updateTime=2026-05-22T18:35:21, deptName=检查部, exprList=[])
2026-06-02 23:29:45.219 [http-nio-8080-exec-9] INFO  org.example.tliastest.aop.TestAspect - 员工操作耗时: 61ms
2026-06-02 23:29:45.219 [http-nio-8080-exec-9] INFO  org.example.tliastest.aop.TestAspect - 员工操作后: EmpController.getIdEmp
2026-06-02 23:29:47.062 [http-nio-8080-exec-10] INFO  org.example.tliastest.aop.TestAspect - 员工操作前: EmpController.getIdEmp
2026-06-02 23:29:47.062 [http-nio-8080-exec-10] INFO  org.example.tliastest.controller.EmpController - 查询员工的id列表：41
2026-06-02 23:29:47.087 [http-nio-8080-exec-10] INFO  org.example.tliastest.controller.EmpController - 查询出来的员工的列表：Emp(id=41, username=teddi, password=null, name=哲迪君, gender=1, phone=12344446666, job=4, salary=12000, image=https://teddizen-java-tesy.oss-cn-guangzhou.aliyuncs.com/2026/05/fe80d8f3-726a-475e-9b2b-7f6660ee772f.jpg, entryDate=2026-05-05, deptId=8, createTime=2026-05-15T13:58:23, updateTime=2026-05-21T22:13:42, deptName=宣传部, exprList=[EmpExpr(id=null, empId=41, begin=2026-05-14, end=2026-06-18, company=12312, job=567yey)])
2026-06-02 23:29:47.088 [http-nio-8080-exec-10] INFO  org.example.tliastest.aop.TestAspect - 员工操作耗时: 26ms
2026-06-02 23:29:47.088 [http-nio-8080-exec-10] INFO  org.example.tliastest.aop.TestAspect - 员工操作后: EmpController.getIdEmp
2026-06-02 23:30:49.448 [http-nio-8080-exec-1] INFO  org.example.tliastest.aop.TestAspect - 员工操作前: EmpController.getEmp
2026-06-02 23:30:49.448 [http-nio-8080-exec-1] INFO  org.example.tliastest.controller.EmpController - 分页查询
2026-06-02 23:30:49.457 [http-nio-8080-exec-1] INFO  org.example.tliastest.controller.EmpController - 分页查询完成
2026-06-02 23:30:49.457 [http-nio-8080-exec-1] INFO  org.example.tliastest.aop.TestAspect - 员工操作耗时: 9ms
2026-06-02 23:30:49.457 [http-nio-8080-exec-1] INFO  org.example.tliastest.aop.TestAspect - 员工操作后: EmpController.getEmp
2026-06-02 23:30:57.762 [http-nio-8080-exec-2] INFO  org.example.tliastest.aop.TestAspect - 员工操作前: EmpController.getIdEmp
2026-06-02 23:30:57.762 [http-nio-8080-exec-2] INFO  org.example.tliastest.controller.EmpController - 查询员工的id列表：48
2026-06-02 23:30:57.773 [http-nio-8080-exec-2] INFO  org.example.tliastest.controller.EmpController - 查询出来的员工的列表：Emp(id=48, username=测试OOS, password=null, name=OOS, gender=1, phone=12233330000, job=2, salary=2233, image=https://teddizen-java-tesy.oss-cn-guangzhou.aliyuncs.com/2026/05/723b79a7-8812-4a85-a104-a45d456b492a.jpg, entryDate=2026-05-03, deptId=12, createTime=2026-05-22T18:35:21, updateTime=2026-05-22T18:35:21, deptName=检查部, exprList=[])
2026-06-02 23:30:57.773 [http-nio-8080-exec-2] INFO  org.example.tliastest.aop.TestAspect - 员工操作耗时: 12ms
2026-06-02 23:30:57.773 [http-nio-8080-exec-2] INFO  org.example.tliastest.aop.TestAspect - 员工操作后: EmpController.getIdEmp
2026-06-02 23:31:23.348 [http-nio-8080-exec-3] INFO  org.example.tliastest.aop.TestAspect - 员工操作前: EmpController.getEmp
2026-06-02 23:31:23.348 [http-nio-8080-exec-3] INFO  org.example.tliastest.controller.EmpController - 分页查询
2026-06-02 23:31:23.360 [http-nio-8080-exec-3] INFO  org.example.tliastest.controller.EmpController - 分页查询完成
2026-06-02 23:31:23.360 [http-nio-8080-exec-3] INFO  org.example.tliastest.aop.TestAspect - 员工操作耗时: 12ms
2026-06-02 23:31:23.360 [http-nio-8080-exec-3] INFO  org.example.tliastest.aop.TestAspect - 员工操作后: EmpController.getEmp
2026-06-02 23:31:28.281 [http-nio-8080-exec-5] INFO  org.example.tliastest.aop.TestAspect - 员工操作前: EmpController.getIdEmp
2026-06-02 23:31:28.281 [http-nio-8080-exec-5] INFO  org.example.tliastest.controller.EmpController - 查询员工的id列表：48
2026-06-02 23:31:28.291 [http-nio-8080-exec-5] INFO  org.example.tliastest.controller.EmpController - 查询出来的员工的列表：Emp(id=48, username=测试OOS, password=null, name=OOS, gender=1, phone=12233330000, job=2, salary=2233, image=https://teddizen-java-tesy.oss-cn-guangzhou.aliyuncs.com/2026/05/723b79a7-8812-4a85-a104-a45d456b492a.jpg, entryDate=2026-05-03, deptId=12, createTime=2026-05-22T18:35:21, updateTime=2026-05-22T18:35:21, deptName=检查部, exprList=[])
2026-06-02 23:31:28.291 [http-nio-8080-exec-5] INFO  org.example.tliastest.aop.TestAspect - 员工操作耗时: 10ms
2026-06-02 23:31:28.291 [http-nio-8080-exec-5] INFO  org.example.tliastest.aop.TestAspect - 员工操作后: EmpController.getIdEmp
2026-06-02 23:31:38.704 [http-nio-8080-exec-4] INFO  org.example.tliastest.aop.TestAspect - 员工操作前: EmpController.updateEmp
2026-06-02 23:31:38.738 [http-nio-8080-exec-4] INFO  org.example.tliastest.controller.EmpController - 更新员工：Emp(id=48, username=测试OOS, password=null, name=OOS, gender=1, phone=12233330000, job=2, salary=2233, image=https://teddizen-java-tesy.oss-cn-guangzhou.aliyuncs.com/2026/05/723b79a7-8812-4a85-a104-a45d456b492a.jpg, entryDate=2026-05-03, deptId=12, createTime=2026-05-22T18:35:21, updateTime=2026-06-02T23:31:38.705490300, deptName=检查部, exprList=[EmpExpr(id=1, empId=48, begin=null, end=null, company=阿萨斯, job=null)])
2026-06-02 23:31:38.738 [http-nio-8080-exec-4] INFO  org.example.tliastest.aop.TestAspect - 员工操作耗时: 34ms
2026-06-02 23:31:38.738 [http-nio-8080-exec-4] INFO  org.example.tliastest.aop.TestAspect - 员工操作后: EmpController.updateEmp
2026-06-02 23:31:38.764 [http-nio-8080-exec-6] INFO  org.example.tliastest.aop.TestAspect - 员工操作前: EmpController.getEmp
2026-06-02 23:31:38.764 [http-nio-8080-exec-6] INFO  org.example.tliastest.controller.EmpController - 分页查询
2026-06-02 23:31:38.770 [http-nio-8080-exec-6] INFO  org.example.tliastest.controller.EmpController - 分页查询完成
2026-06-02 23:31:38.771 [http-nio-8080-exec-6] INFO  org.example.tliastest.aop.TestAspect - 员工操作耗时: 8ms
2026-06-02 23:31:38.771 [http-nio-8080-exec-6] INFO  org.example.tliastest.aop.TestAspect - 员工操作后: EmpController.getEmp
2026-06-02 23:31:42.301 [http-nio-8080-exec-7] INFO  org.example.tliastest.aop.TestAspect - 员工操作前: EmpController.getIdEmp
2026-06-02 23:31:42.301 [http-nio-8080-exec-7] INFO  org.example.tliastest.controller.EmpController - 查询员工的id列表：41
2026-06-02 23:31:42.341 [http-nio-8080-exec-7] INFO  org.example.tliastest.controller.EmpController - 查询出来的员工的列表：Emp(id=41, username=teddi, password=null, name=哲迪君, gender=1, phone=12344446666, job=4, salary=12000, image=https://teddizen-java-tesy.oss-cn-guangzhou.aliyuncs.com/2026/05/fe80d8f3-726a-475e-9b2b-7f6660ee772f.jpg, entryDate=2026-05-05, deptId=8, createTime=2026-05-15T13:58:23, updateTime=2026-05-21T22:13:42, deptName=宣传部, exprList=[EmpExpr(id=null, empId=41, begin=2026-05-14, end=2026-06-18, company=12312, job=567yey)])
2026-06-02 23:31:42.341 [http-nio-8080-exec-7] INFO  org.example.tliastest.aop.TestAspect - 员工操作耗时: 40ms
2026-06-02 23:31:42.341 [http-nio-8080-exec-7] INFO  org.example.tliastest.aop.TestAspect - 员工操作后: EmpController.getIdEmp
2026-06-02 23:31:44.430 [http-nio-8080-exec-8] INFO  org.example.tliastest.aop.TestAspect - 员工操作前: EmpController.getIdEmp
2026-06-02 23:31:44.430 [http-nio-8080-exec-8] INFO  org.example.tliastest.controller.EmpController - 查询员工的id列表：48
2026-06-02 23:31:44.440 [http-nio-8080-exec-8] INFO  org.example.tliastest.controller.EmpController - 查询出来的员工的列表：Emp(id=48, username=测试OOS, password=null, name=OOS, gender=1, phone=12233330000, job=2, salary=2233, image=https://teddizen-java-tesy.oss-cn-guangzhou.aliyuncs.com/2026/05/723b79a7-8812-4a85-a104-a45d456b492a.jpg, entryDate=2026-05-03, deptId=12, createTime=2026-05-22T18:35:21, updateTime=2026-06-02T23:31:39, deptName=检查部, exprList=[EmpExpr(id=null, empId=48, begin=null, end=null, company=阿萨斯, job=null)])
2026-06-02 23:31:44.440 [http-nio-8080-exec-8] INFO  org.example.tliastest.aop.TestAspect - 员工操作耗时: 10ms
2026-06-02 23:31:44.440 [http-nio-8080-exec-8] INFO  org.example.tliastest.aop.TestAspect - 员工操作后: EmpController.getIdEmp
2026-06-02 23:31:52.753 [http-nio-8080-exec-9] INFO  org.example.tliastest.aop.TestAspect - 员工操作前: EmpController.updateEmp
2026-06-02 23:31:52.766 [http-nio-8080-exec-9] INFO  org.example.tliastest.controller.EmpController - 更新员工：Emp(id=48, username=测试OOS, password=null, name=OOS, gender=1, phone=12233330000, job=2, salary=2233, image=https://teddizen-java-tesy.oss-cn-guangzhou.aliyuncs.com/2026/05/723b79a7-8812-4a85-a104-a45d456b492a.jpg, entryDate=2026-05-03, deptId=12, createTime=2026-05-22T18:35:21, updateTime=2026-06-02T23:31:52.754538300, deptName=检查部, exprList=[EmpExpr(id=1, empId=48, begin=null, end=null, company=阿萨斯, job=null)])
2026-06-02 23:31:52.766 [http-nio-8080-exec-9] INFO  org.example.tliastest.aop.TestAspect - 员工操作耗时: 13ms
2026-06-02 23:31:52.766 [http-nio-8080-exec-9] INFO  org.example.tliastest.aop.TestAspect - 员工操作后: EmpController.updateEmp
2026-06-02 23:31:52.787 [http-nio-8080-exec-10] INFO  org.example.tliastest.aop.TestAspect - 员工操作前: EmpController.getEmp
2026-06-02 23:31:52.787 [http-nio-8080-exec-10] INFO  org.example.tliastest.controller.EmpController - 分页查询
2026-06-02 23:31:52.795 [http-nio-8080-exec-10] INFO  org.example.tliastest.controller.EmpController - 分页查询完成
2026-06-02 23:31:52.795 [http-nio-8080-exec-10] INFO  org.example.tliastest.aop.TestAspect - 员工操作耗时: 8ms
2026-06-02 23:31:52.795 [http-nio-8080-exec-10] INFO  org.example.tliastest.aop.TestAspect - 员工操作后: EmpController.getEmp
2026-06-02 23:43:49.330 [http-nio-8080-exec-1] INFO  org.example.tliastest.aop.TestAspect - 员工操作前: EmpController.getIdEmp
2026-06-02 23:43:49.331 [http-nio-8080-exec-1] INFO  org.example.tliastest.controller.EmpController - 查询员工的id列表：36
2026-06-02 23:43:49.350 [http-nio-8080-exec-1] INFO  org.example.tliastest.controller.EmpController - 查询出来的员工的列表：Emp(id=36, username=linghuchong, password=123456, name=令狐冲, gender=1, phone=18809091212, job=2, salary=6800, image=https://web-framework.oss-cn-hangzhou.aliyuncs.com/2023/1.jpg, entryDate=2023-10-19, deptId=2, createTime=2023-10-20T20:44:54, updateTime=2023-11-09T09:41:04, deptName=教研部, exprList=[])
2026-06-02 23:43:49.350 [http-nio-8080-exec-1] INFO  org.example.tliastest.aop.TestAspect - 员工操作耗时: 20ms
2026-06-02 23:43:49.350 [http-nio-8080-exec-1] INFO  org.example.tliastest.aop.TestAspect - 员工操作后: EmpController.getIdEmp
2026-06-02 23:54:57.530 [http-nio-8080-exec-2] INFO  org.example.tliastest.aop.TestAspect - 员工操作前: EmpController.getIdEmp
2026-06-02 23:54:57.530 [http-nio-8080-exec-2] INFO  org.example.tliastest.controller.EmpController - 查询员工的id列表：41
2026-06-02 23:54:57.601 [http-nio-8080-exec-2] INFO  org.example.tliastest.controller.EmpController - 查询出来的员工的列表：Emp(id=41, username=teddi, password=null, name=哲迪君, gender=1, phone=12344446666, job=4, salary=12000, image=https://teddizen-java-tesy.oss-cn-guangzhou.aliyuncs.com/2026/05/fe80d8f3-726a-475e-9b2b-7f6660ee772f.jpg, entryDate=2026-05-05, deptId=8, createTime=2026-05-15T13:58:23, updateTime=2026-05-21T22:13:42, deptName=宣传部, exprList=[EmpExpr(id=null, empId=41, begin=2026-05-14, end=2026-06-18, company=12312, job=567yey)])
2026-06-02 23:54:57.601 [http-nio-8080-exec-2] INFO  org.example.tliastest.aop.TestAspect - 员工操作耗时: 71ms
2026-06-02 23:54:57.601 [http-nio-8080-exec-2] INFO  org.example.tliastest.aop.TestAspect - 员工操作后: EmpController.getIdEmp
2026-06-02 23:56:30.628 [http-nio-8080-exec-3] INFO  org.example.tliastest.aop.TestAspect - 员工操作前: EmpController.getIdEmp
2026-06-02 23:56:30.628 [http-nio-8080-exec-3] INFO  org.example.tliastest.controller.EmpController - 查询员工的id列表：48
2026-06-02 23:56:30.640 [http-nio-8080-exec-3] INFO  org.example.tliastest.controller.EmpController - 查询出来的员工的列表：Emp(id=48, username=测试OOS, password=null, name=OOS, gender=1, phone=12233330000, job=2, salary=2233, image=https://teddizen-java-tesy.oss-cn-guangzhou.aliyuncs.com/2026/05/723b79a7-8812-4a85-a104-a45d456b492a.jpg, entryDate=2026-05-03, deptId=12, createTime=2026-05-22T18:35:21, updateTime=2026-06-02T23:31:53, deptName=检查部, exprList=[EmpExpr(id=null, empId=48, begin=null, end=null, company=阿萨斯, job=null)])
2026-06-02 23:56:30.640 [http-nio-8080-exec-3] INFO  org.example.tliastest.aop.TestAspect - 员工操作耗时: 12ms
2026-06-02 23:56:30.640 [http-nio-8080-exec-3] INFO  org.example.tliastest.aop.TestAspect - 员工操作后: EmpController.getIdEmp
