2026-06-05 00:00:41.808 [http-nio-8080-exec-6] INFO  org.example.tliastest.aop.TestAspect - 员工操作前: EmpController.getEmp
2026-06-05 00:00:41.815 [http-nio-8080-exec-6] INFO  org.example.tliastest.controller.EmpController - 分页查询
2026-06-05 00:00:41.823 [http-nio-8080-exec-6] INFO  org.example.tliastest.controller.EmpController - 分页查询完成
2026-06-05 00:00:41.823 [http-nio-8080-exec-6] INFO  org.example.tliastest.aop.TestAspect - 员工操作耗时: 15ms
2026-06-05 00:00:41.823 [http-nio-8080-exec-6] INFO  org.example.tliastest.aop.TestAspect - 员工操作后: EmpController.getEmp
2026-06-05 00:00:51.914 [http-nio-8080-exec-8] INFO  org.example.tliastest.aop.TestAspect - 员工操作前: EmpController.getIdEmp
2026-06-05 00:00:51.914 [http-nio-8080-exec-8] INFO  org.example.tliastest.controller.EmpController - 查询员工的id列表：20
2026-06-05 00:00:52.009 [http-nio-8080-exec-8] INFO  org.example.tliastest.controller.EmpController - 查询出来的员工的列表：Emp(id=20, username=ruanxiaoer, password=123456, name=阮小二, gender=1, phone=13309090020, job=2, salary=10800, image=https://web-framework.oss-cn-hangzhou.aliyuncs.com/2023/1.jpg, entryDate=2018-01-01, deptId=2, createTime=2023-10-20T16:35:33, updateTime=2026-06-04T23:29:31, deptName=教研部, exprList=[])
2026-06-05 00:00:52.009 [http-nio-8080-exec-8] INFO  org.example.tliastest.aop.TestAspect - 员工操作耗时: 95ms
2026-06-05 00:00:52.009 [http-nio-8080-exec-8] INFO  org.example.tliastest.aop.TestAspect - 员工操作后: EmpController.getIdEmp
2026-06-05 00:00:55.104 [http-nio-8080-exec-10] INFO  org.example.tliastest.controller.UploadController - 上传文件: shinetouch.png
2026-06-05 00:00:55.932 [http-nio-8080-exec-10] INFO  org.example.tliastest.controller.UploadController - 上传成功: https://teddizen-java-tesy.oss-cn-guangzhou.aliyuncs.com/2026/06/ebe58e20-9bca-4ef1-aed8-9ae6c5faa8e1.png
2026-06-05 00:01:15.268 [http-nio-8080-exec-9] INFO  org.example.tliastest.aop.TestAspect - 员工操作前: EmpController.updateEmp
2026-06-05 00:01:15.284 [http-nio-8080-exec-9] INFO  org.example.tliastest.controller.EmpController - 更新员工：Emp(id=20, username=ruanxiaoer, password=123456, name=阮小二, gender=1, phone=13309090020, job=2, salary=10800, image=https://teddizen-java-tesy.oss-cn-guangzhou.aliyuncs.com/2026/06/ebe58e20-9bca-4ef1-aed8-9ae6c5faa8e1.png, entryDate=2018-01-01, deptId=2, createTime=2023-10-20T16:35:33, updateTime=2026-06-05T00:01:15.269308700, deptName=教研部, exprList=[EmpExpr(id=1, empId=20, begin=2026-06-17, end=2026-07-14, company=wwhs, job=微微儿), EmpExpr(id=2, empId=20, begin=2026-06-26, end=2026-07-17, company=是什, job=1删掉)])
2026-06-05 00:01:15.285 [http-nio-8080-exec-9] INFO  org.example.tliastest.aop.TestAspect - 员工操作耗时: 17ms
2026-06-05 00:01:15.285 [http-nio-8080-exec-9] INFO  org.example.tliastest.aop.TestAspect - 员工操作后: EmpController.updateEmp
2026-06-05 00:01:15.307 [http-nio-8080-exec-1] INFO  org.example.tliastest.aop.TestAspect - 员工操作前: EmpController.getEmp
2026-06-05 00:01:15.307 [http-nio-8080-exec-1] INFO  org.example.tliastest.controller.EmpController - 分页查询
2026-06-05 00:01:15.315 [http-nio-8080-exec-1] INFO  org.example.tliastest.controller.EmpController - 分页查询完成
2026-06-05 00:01:15.315 [http-nio-8080-exec-1] INFO  org.example.tliastest.aop.TestAspect - 员工操作耗时: 8ms
2026-06-05 00:01:15.315 [http-nio-8080-exec-1] INFO  org.example.tliastest.aop.TestAspect - 员工操作后: EmpController.getEmp
2026-06-05 00:01:16.789 [http-nio-8080-exec-3] INFO  org.example.tliastest.aop.TestAspect - 员工操作前: EmpController.getIdEmp
2026-06-05 00:01:16.791 [http-nio-8080-exec-3] INFO  org.example.tliastest.controller.EmpController - 查询员工的id列表：20
2026-06-05 00:01:16.867 [http-nio-8080-exec-3] INFO  org.example.tliastest.controller.EmpController - 查询出来的员工的列表：Emp(id=20, username=ruanxiaoer, password=123456, name=阮小二, gender=1, phone=13309090020, job=2, salary=10800, image=https://teddizen-java-tesy.oss-cn-guangzhou.aliyuncs.com/2026/06/ebe58e20-9bca-4ef1-aed8-9ae6c5faa8e1.png, entryDate=2018-01-01, deptId=2, createTime=2023-10-20T16:35:33, updateTime=2026-06-05T00:01:15, deptName=教研部, exprList=[EmpExpr(id=null, empId=20, begin=2026-06-17, end=2026-07-14, company=wwhs, job=微微儿), EmpExpr(id=null, empId=20, begin=2026-06-26, end=2026-07-17, company=是什, job=1删掉)])
2026-06-05 00:01:16.867 [http-nio-8080-exec-3] INFO  org.example.tliastest.aop.TestAspect - 员工操作耗时: 78ms
2026-06-05 00:01:16.867 [http-nio-8080-exec-3] INFO  org.example.tliastest.aop.TestAspect - 员工操作后: EmpController.getIdEmp
2026-06-05 00:01:29.400 [http-nio-8080-exec-2] INFO  org.example.tliastest.aop.TestAspect - 员工操作前: EmpController.updateEmp
2026-06-05 00:01:29.418 [http-nio-8080-exec-2] INFO  org.example.tliastest.controller.EmpController - 更新员工：Emp(id=20, username=ruanxiaoer, password=123456, name=阮小二, gender=1, phone=13309090020, job=1, salary=10800, image=https://teddizen-java-tesy.oss-cn-guangzhou.aliyuncs.com/2026/06/ebe58e20-9bca-4ef1-aed8-9ae6c5faa8e1.png, entryDate=2018-01-01, deptId=2, createTime=2023-10-20T16:35:33, updateTime=2026-06-05T00:01:29.401529500, deptName=教研部, exprList=[EmpExpr(id=1, empId=20, begin=2026-06-17, end=2026-07-14, company=wwhs, job=微微儿), EmpExpr(id=2, empId=20, begin=2026-06-26, end=2026-07-17, company=是什, job=1删掉)])
2026-06-05 00:01:29.418 [http-nio-8080-exec-2] INFO  org.example.tliastest.aop.TestAspect - 员工操作耗时: 18ms
2026-06-05 00:01:29.418 [http-nio-8080-exec-2] INFO  org.example.tliastest.aop.TestAspect - 员工操作后: EmpController.updateEmp
2026-06-05 00:01:29.442 [http-nio-8080-exec-4] INFO  org.example.tliastest.aop.TestAspect - 员工操作前: EmpController.getEmp
2026-06-05 00:01:29.442 [http-nio-8080-exec-4] INFO  org.example.tliastest.controller.EmpController - 分页查询
2026-06-05 00:01:29.449 [http-nio-8080-exec-4] INFO  org.example.tliastest.controller.EmpController - 分页查询完成
2026-06-05 00:01:29.449 [http-nio-8080-exec-4] INFO  org.example.tliastest.aop.TestAspect - 员工操作耗时: 7ms
2026-06-05 00:01:29.449 [http-nio-8080-exec-4] INFO  org.example.tliastest.aop.TestAspect - 员工操作后: EmpController.getEmp
2026-06-05 00:01:31.872 [http-nio-8080-exec-5] INFO  org.example.tliastest.aop.TestAspect - 员工操作前: EmpController.getIdEmp
2026-06-05 00:01:31.872 [http-nio-8080-exec-5] INFO  org.example.tliastest.controller.EmpController - 查询员工的id列表：30
2026-06-05 00:01:31.886 [http-nio-8080-exec-5] INFO  org.example.tliastest.controller.EmpController - 查询出来的员工的列表：Emp(id=30, username=liyun, password=123456, name=李云, gender=1, phone=13309090030, job=2, salary=21333, image=https://teddizen-java-tesy.oss-cn-guangzhou.aliyuncs.com/2026/06/4c8ba28a-49b5-4165-9e17-0a4f4eb44eb8.png, entryDate=2020-03-01, deptId=10, createTime=2023-10-20T16:35:33, updateTime=2026-06-04T23:59:02, deptName=人事部, exprList=[EmpExpr(id=null, empId=30, begin=2026-05-23, end=2026-06-25, company=asdasd, job=asd)])
2026-06-05 00:01:31.886 [http-nio-8080-exec-5] INFO  org.example.tliastest.aop.TestAspect - 员工操作耗时: 14ms
2026-06-05 00:01:31.886 [http-nio-8080-exec-5] INFO  org.example.tliastest.aop.TestAspect - 员工操作后: EmpController.getIdEmp
2026-06-05 00:01:36.919 [http-nio-8080-exec-7] INFO  org.example.tliastest.aop.TestAspect - 员工操作前: EmpController.updateEmp
2026-06-05 00:01:36.992 [http-nio-8080-exec-7] INFO  org.example.tliastest.controller.EmpController - 更新员工：Emp(id=30, username=liyun, password=123456, name=李云, gender=1, phone=13309090030, job=4, salary=21333, image=https://teddizen-java-tesy.oss-cn-guangzhou.aliyuncs.com/2026/06/4c8ba28a-49b5-4165-9e17-0a4f4eb44eb8.png, entryDate=2020-03-01, deptId=10, createTime=2023-10-20T16:35:33, updateTime=2026-06-05T00:01:36.967036200, deptName=人事部, exprList=[EmpExpr(id=1, empId=30, begin=2026-05-23, end=2026-06-25, company=asdasd, job=asd)])
2026-06-05 00:01:36.992 [http-nio-8080-exec-7] INFO  org.example.tliastest.aop.TestAspect - 员工操作耗时: 73ms
2026-06-05 00:01:36.993 [http-nio-8080-exec-7] INFO  org.example.tliastest.aop.TestAspect - 员工操作后: EmpController.updateEmp
2026-06-05 00:01:37.017 [http-nio-8080-exec-6] INFO  org.example.tliastest.aop.TestAspect - 员工操作前: EmpController.getEmp
2026-06-05 00:01:37.018 [http-nio-8080-exec-6] INFO  org.example.tliastest.controller.EmpController - 分页查询
2026-06-05 00:01:37.025 [http-nio-8080-exec-6] INFO  org.example.tliastest.controller.EmpController - 分页查询完成
2026-06-05 00:01:37.025 [http-nio-8080-exec-6] INFO  org.example.tliastest.aop.TestAspect - 员工操作耗时: 8ms
2026-06-05 00:01:37.025 [http-nio-8080-exec-6] INFO  org.example.tliastest.aop.TestAspect - 员工操作后: EmpController.getEmp
2026-06-05 00:01:39.131 [http-nio-8080-exec-8] INFO  org.example.tliastest.aop.TestAspect - 员工操作前: EmpController.getIdEmp
2026-06-05 00:01:39.131 [http-nio-8080-exec-8] INFO  org.example.tliastest.controller.EmpController - 查询员工的id列表：30
2026-06-05 00:01:39.146 [http-nio-8080-exec-8] INFO  org.example.tliastest.controller.EmpController - 查询出来的员工的列表：Emp(id=30, username=liyun, password=123456, name=李云, gender=1, phone=13309090030, job=4, salary=21333, image=https://teddizen-java-tesy.oss-cn-guangzhou.aliyuncs.com/2026/06/4c8ba28a-49b5-4165-9e17-0a4f4eb44eb8.png, entryDate=2020-03-01, deptId=10, createTime=2023-10-20T16:35:33, updateTime=2026-06-05T00:01:37, deptName=人事部, exprList=[EmpExpr(id=null, empId=30, begin=2026-05-23, end=2026-06-25, company=asdasd, job=asd)])
2026-06-05 00:01:39.146 [http-nio-8080-exec-8] INFO  org.example.tliastest.aop.TestAspect - 员工操作耗时: 15ms
2026-06-05 00:01:39.146 [http-nio-8080-exec-8] INFO  org.example.tliastest.aop.TestAspect - 员工操作后: EmpController.getIdEmp
2026-06-05 01:42:07.729 [SpringApplicationShutdownHook] INFO  org.springframework.boot.tomcat.GracefulShutdown - Commencing graceful shutdown. Waiting for active requests to complete
2026-06-05 01:42:07.808 [tomcat-shutdown] INFO  org.springframework.boot.tomcat.GracefulShutdown - Graceful shutdown complete
2026-06-05 01:42:07.827 [SpringApplicationShutdownHook] INFO  com.zaxxer.hikari.HikariDataSource - HikariPool-1 - Shutdown initiated...
2026-06-05 01:42:07.835 [SpringApplicationShutdownHook] INFO  com.zaxxer.hikari.HikariDataSource - HikariPool-1 - Shutdown completed.
2026-06-05 17:58:49.706 [main] INFO  org.example.tliastest.TliasTestApplication - Starting TliasTestApplication using Java 17.0.18 with PID 13024 (E:\code\SpringBoot-Study\Tlias-Test\target\classes started by TeddiZen in E:\code\SpringBoot-Study)
2026-06-05 17:58:49.708 [main] INFO  org.example.tliastest.TliasTestApplication - No active profile set, falling back to 1 default profile: "default"
2026-06-05 17:58:50.503 [main] INFO  org.springframework.boot.tomcat.TomcatWebServer - Tomcat initialized with port 8080 (http)
2026-06-05 17:58:50.512 [main] INFO  org.apache.coyote.http11.Http11NioProtocol - Initializing ProtocolHandler ["http-nio-8080"]
2026-06-05 17:58:50.513 [main] INFO  org.apache.catalina.core.StandardService - Starting service [Tomcat]
2026-06-05 17:58:50.513 [main] INFO  org.apache.catalina.core.StandardEngine - Starting Servlet engine: [Apache Tomcat/11.0.21]
2026-06-05 17:58:50.553 [main] INFO  o.s.b.w.c.servlet.WebApplicationContextInitializer - Root WebApplicationContext: initialization completed in 811 ms
2026-06-05 17:58:51.074 [main] INFO  org.apache.coyote.http11.Http11NioProtocol - Starting ProtocolHandler ["http-nio-8080"]
2026-06-05 17:58:51.088 [main] INFO  org.springframework.boot.tomcat.TomcatWebServer - Tomcat started on port 8080 (http) with context path '/'
2026-06-05 17:58:51.092 [main] INFO  org.example.tliastest.TliasTestApplication - Started TliasTestApplication in 1.832 seconds (process running for 2.979)
2026-06-05 18:16:43.396 [http-nio-8080-exec-1] INFO  o.a.c.core.ContainerBase.[Tomcat].[localhost].[/] - Initializing Spring DispatcherServlet 'dispatcherServlet'
2026-06-05 18:16:43.396 [http-nio-8080-exec-1] INFO  org.springframework.web.servlet.DispatcherServlet - Initializing Servlet 'dispatcherServlet'
2026-06-05 18:16:43.398 [http-nio-8080-exec-1] INFO  org.springframework.web.servlet.DispatcherServlet - Completed initialization in 2 ms
2026-06-05 18:16:43.452 [http-nio-8080-exec-1] INFO  org.example.tliastest.aop.TestAspect - 员工操作前: EmpController.getEmp
2026-06-05 18:16:43.452 [http-nio-8080-exec-1] INFO  org.example.tliastest.controller.EmpController - 分页查询
2026-06-05 18:16:43.529 [http-nio-8080-exec-1] INFO  com.zaxxer.hikari.HikariDataSource - HikariPool-1 - Starting...
2026-06-05 18:16:43.935 [http-nio-8080-exec-1] INFO  com.zaxxer.hikari.pool.HikariPool - HikariPool-1 - Added connection com.mysql.cj.jdbc.ConnectionImpl@2c633eeb
2026-06-05 18:16:43.937 [http-nio-8080-exec-1] INFO  com.zaxxer.hikari.HikariDataSource - HikariPool-1 - Start completed.
2026-06-05 18:16:44.040 [http-nio-8080-exec-1] INFO  org.example.tliastest.controller.EmpController - 分页查询完成
2026-06-05 18:16:44.041 [http-nio-8080-exec-1] INFO  org.example.tliastest.aop.TestAspect - 员工操作耗时: 590ms
2026-06-05 18:16:44.041 [http-nio-8080-exec-1] INFO  org.example.tliastest.aop.TestAspect - 员工操作后: EmpController.getEmp
2026-06-05 18:16:58.145 [http-nio-8080-exec-2] INFO  org.example.tliastest.aop.TestAspect - 员工操作前: EmpController.getEmp
2026-06-05 18:16:58.146 [http-nio-8080-exec-2] INFO  org.example.tliastest.controller.EmpController - 分页查询
2026-06-05 18:16:58.168 [http-nio-8080-exec-2] INFO  org.example.tliastest.controller.EmpController - 分页查询完成
2026-06-05 18:16:58.168 [http-nio-8080-exec-2] INFO  org.example.tliastest.aop.TestAspect - 员工操作耗时: 23ms
2026-06-05 18:16:58.168 [http-nio-8080-exec-2] INFO  org.example.tliastest.aop.TestAspect - 员工操作后: EmpController.getEmp
2026-06-05 18:16:59.030 [http-nio-8080-exec-3] INFO  org.example.tliastest.aop.TestAspect - 员工操作前: EmpController.getEmp
2026-06-05 18:16:59.030 [http-nio-8080-exec-3] INFO  org.example.tliastest.controller.EmpController - 分页查询
2026-06-05 18:16:59.041 [http-nio-8080-exec-3] INFO  org.example.tliastest.controller.EmpController - 分页查询完成
2026-06-05 18:16:59.041 [http-nio-8080-exec-3] INFO  org.example.tliastest.aop.TestAspect - 员工操作耗时: 11ms
2026-06-05 18:16:59.041 [http-nio-8080-exec-3] INFO  org.example.tliastest.aop.TestAspect - 员工操作后: EmpController.getEmp
2026-06-05 18:21:44.350 [http-nio-8080-exec-7] INFO  org.example.tliastest.aop.TestAspect - 员工操作前: EmpController.getEmp
2026-06-05 18:21:44.350 [http-nio-8080-exec-7] INFO  org.example.tliastest.controller.EmpController - 分页查询
2026-06-05 18:21:44.358 [http-nio-8080-exec-7] INFO  org.example.tliastest.controller.EmpController - 分页查询完成
2026-06-05 18:21:44.358 [http-nio-8080-exec-7] INFO  org.example.tliastest.aop.TestAspect - 员工操作耗时: 8ms
2026-06-05 18:21:44.358 [http-nio-8080-exec-7] INFO  org.example.tliastest.aop.TestAspect - 员工操作后: EmpController.getEmp
2026-06-05 18:21:45.401 [http-nio-8080-exec-5] INFO  org.example.tliastest.aop.TestAspect - 员工操作前: EmpController.getIdEmp
2026-06-05 18:21:45.401 [http-nio-8080-exec-5] INFO  org.example.tliastest.controller.EmpController - 查询员工的id列表：41
2026-06-05 18:21:45.448 [http-nio-8080-exec-5] INFO  org.example.tliastest.controller.EmpController - 查询出来的员工的列表：Emp(id=41, username=teddi, password=null, name=哲迪君, gender=1, phone=12344446666, job=4, salary=12000, image=https://teddizen-java-tesy.oss-cn-guangzhou.aliyuncs.com/2026/05/fe80d8f3-726a-475e-9b2b-7f6660ee772f.jpg, entryDate=2026-05-05, deptId=8, createTime=2026-05-15T13:58:23, updateTime=2026-06-03T00:32:48, deptName=宣传部, exprList=[EmpExpr(id=null, empId=41, begin=2026-06-11, end=2026-07-22, company=我是歌手, job=钱啊武清区), EmpExpr(id=null, empId=41, begin=2026-05-13, end=2026-06-25, company=喂喂喂, job=请求)])
2026-06-05 18:21:45.455 [http-nio-8080-exec-5] INFO  org.example.tliastest.aop.TestAspect - 员工操作耗时: 54ms
2026-06-05 18:21:45.455 [http-nio-8080-exec-5] INFO  org.example.tliastest.aop.TestAspect - 员工操作后: EmpController.getIdEmp
2026-06-05 18:21:51.477 [http-nio-8080-exec-6] INFO  org.example.tliastest.aop.TestAspect - 员工操作前: EmpController.getIdEmp
2026-06-05 18:21:51.477 [http-nio-8080-exec-6] INFO  org.example.tliastest.controller.EmpController - 查询员工的id列表：22
2026-06-05 18:21:51.492 [http-nio-8080-exec-6] INFO  org.example.tliastest.controller.EmpController - 查询出来的员工的列表：Emp(id=22, username=ruanxiaoqi, password=123456, name=阮小七, gender=1, phone=13309090022, job=5, salary=5500, image=https://web-framework.oss-cn-hangzhou.aliyuncs.com/2023/1.jpg, entryDate=2016-01-01, deptId=3, createTime=2023-10-20T16:35:33, updateTime=2023-10-20T16:36:17, deptName=咨询部, exprList=[])
2026-06-05 18:21:51.492 [http-nio-8080-exec-6] INFO  org.example.tliastest.aop.TestAspect - 员工操作耗时: 15ms
2026-06-05 18:21:51.492 [http-nio-8080-exec-6] INFO  org.example.tliastest.aop.TestAspect - 员工操作后: EmpController.getIdEmp
2026-06-05 18:21:54.710 [http-nio-8080-exec-4] INFO  org.example.tliastest.aop.TestAspect - 员工操作前: EmpController.getIdEmp
2026-06-05 18:21:54.710 [http-nio-8080-exec-4] INFO  org.example.tliastest.controller.EmpController - 查询员工的id列表：8
2026-06-05 18:21:54.724 [http-nio-8080-exec-4] INFO  org.example.tliastest.controller.EmpController - 查询出来的员工的列表：Emp(id=8, username=likui, password=123456, name=李逵, gender=1, phone=13309090008, job=1, salary=4800, image=https://web-framework.oss-cn-hangzhou.aliyuncs.com/2023/1.jpg, entryDate=2014-11-09, deptId=1, createTime=2023-10-20T16:35:33, updateTime=2023-10-20T16:35:49, deptName=学工部, exprList=[])
2026-06-05 18:21:54.725 [http-nio-8080-exec-4] INFO  org.example.tliastest.aop.TestAspect - 员工操作耗时: 15ms
2026-06-05 18:21:54.725 [http-nio-8080-exec-4] INFO  org.example.tliastest.aop.TestAspect - 员工操作后: EmpController.getIdEmp
2026-06-05 18:21:56.987 [http-nio-8080-exec-8] INFO  org.example.tliastest.aop.TestAspect - 员工操作前: EmpController.getIdEmp
2026-06-05 18:21:56.987 [http-nio-8080-exec-8] INFO  org.example.tliastest.controller.EmpController - 查询员工的id列表：6
2026-06-05 18:21:57.007 [http-nio-8080-exec-8] INFO  org.example.tliastest.controller.EmpController - 查询出来的员工的列表：Emp(id=6, username=huosanniang, password=123456, name=扈三娘, gender=2, phone=13309090006, job=3, salary=6500, image=https://web-framework.oss-cn-hangzhou.aliyuncs.com/2023/1.jpg, entryDate=2013-09-05, deptId=1, createTime=2023-10-20T16:35:33, updateTime=2023-10-20T16:35:45, deptName=学工部, exprList=[])
2026-06-05 18:21:57.007 [http-nio-8080-exec-8] INFO  org.example.tliastest.aop.TestAspect - 员工操作耗时: 20ms
2026-06-05 18:21:57.007 [http-nio-8080-exec-8] INFO  org.example.tliastest.aop.TestAspect - 员工操作后: EmpController.getIdEmp
2026-06-05 18:21:59.110 [http-nio-8080-exec-9] INFO  org.example.tliastest.aop.TestAspect - 员工操作前: EmpController.getIdEmp
2026-06-05 18:21:59.110 [http-nio-8080-exec-9] INFO  org.example.tliastest.controller.EmpController - 查询员工的id列表：48
2026-06-05 18:21:59.120 [http-nio-8080-exec-9] INFO  org.example.tliastest.controller.EmpController - 查询出来的员工的列表：Emp(id=48, username=测试OOS, password=null, name=OOS, gender=1, phone=12233330000, job=2, salary=2233, image=https://teddizen-java-tesy.oss-cn-guangzhou.aliyuncs.com/2026/05/723b79a7-8812-4a85-a104-a45d456b492a.jpg, entryDate=2026-05-03, deptId=12, createTime=2026-05-22T18:35:21, updateTime=2026-06-02T23:31:53, deptName=检查部, exprList=[EmpExpr(id=null, empId=48, begin=null, end=null, company=阿萨斯, job=null)])
2026-06-05 18:21:59.120 [http-nio-8080-exec-9] INFO  org.example.tliastest.aop.TestAspect - 员工操作耗时: 10ms
2026-06-05 18:21:59.120 [http-nio-8080-exec-9] INFO  org.example.tliastest.aop.TestAspect - 员工操作后: EmpController.getIdEmp
2026-06-05 18:39:37.787 [http-nio-8080-exec-10] INFO  org.example.tliastest.aop.TestAspect - 员工操作前: EmpController.getEmp
2026-06-05 18:39:37.788 [http-nio-8080-exec-10] INFO  org.example.tliastest.controller.EmpController - 分页查询
2026-06-05 18:39:37.799 [http-nio-8080-exec-10] INFO  org.example.tliastest.controller.EmpController - 分页查询完成
2026-06-05 18:39:37.799 [http-nio-8080-exec-10] INFO  org.example.tliastest.aop.TestAspect - 员工操作耗时: 12ms
2026-06-05 18:39:37.799 [http-nio-8080-exec-10] INFO  org.example.tliastest.aop.TestAspect - 员工操作后: EmpController.getEmp
2026-06-05 18:39:44.322 [http-nio-8080-exec-1] INFO  org.example.tliastest.aop.TestAspect - 员工操作前: EmpController.getEmp
2026-06-05 18:39:44.323 [http-nio-8080-exec-1] INFO  org.example.tliastest.controller.EmpController - 分页查询
2026-06-05 18:39:44.333 [http-nio-8080-exec-1] INFO  org.example.tliastest.controller.EmpController - 分页查询完成
2026-06-05 18:39:44.333 [http-nio-8080-exec-1] INFO  org.example.tliastest.aop.TestAspect - 员工操作耗时: 11ms
2026-06-05 18:39:44.333 [http-nio-8080-exec-1] INFO  org.example.tliastest.aop.TestAspect - 员工操作后: EmpController.getEmp
2026-06-05 18:39:45.447 [http-nio-8080-exec-2] INFO  org.example.tliastest.aop.TestAspect - 员工操作前: EmpController.getIdEmp
2026-06-05 18:39:45.447 [http-nio-8080-exec-2] INFO  org.example.tliastest.controller.EmpController - 查询员工的id列表：41
2026-06-05 18:39:45.457 [http-nio-8080-exec-2] INFO  org.example.tliastest.controller.EmpController - 查询出来的员工的列表：Emp(id=41, username=teddi, password=null, name=哲迪君, gender=1, phone=12344446666, job=4, salary=12000, image=https://teddizen-java-tesy.oss-cn-guangzhou.aliyuncs.com/2026/05/fe80d8f3-726a-475e-9b2b-7f6660ee772f.jpg, entryDate=2026-05-05, deptId=8, createTime=2026-05-15T13:58:23, updateTime=2026-06-03T00:32:48, deptName=宣传部, exprList=[EmpExpr(id=null, empId=41, begin=2026-06-11, end=2026-07-22, company=我是歌手, job=钱啊武清区), EmpExpr(id=null, empId=41, begin=2026-05-13, end=2026-06-25, company=喂喂喂, job=请求)])
2026-06-05 18:39:45.457 [http-nio-8080-exec-2] INFO  org.example.tliastest.aop.TestAspect - 员工操作耗时: 10ms
2026-06-05 18:39:45.457 [http-nio-8080-exec-2] INFO  org.example.tliastest.aop.TestAspect - 员工操作后: EmpController.getIdEmp
2026-06-05 18:39:49.104 [http-nio-8080-exec-3] INFO  org.example.tliastest.aop.TestAspect - 员工操作前: EmpController.getIdEmp
2026-06-05 18:39:49.104 [http-nio-8080-exec-3] INFO  org.example.tliastest.controller.EmpController - 查询员工的id列表：21
2026-06-05 18:39:49.119 [http-nio-8080-exec-3] INFO  org.example.tliastest.controller.EmpController - 查询出来的员工的列表：Emp(id=21, username=ruanxiaowu, password=123456, name=阮小五, gender=1, phone=13309090021, job=5, salary=5200, image=https://web-framework.oss-cn-hangzhou.aliyuncs.com/2023/1.jpg, entryDate=2015-01-01, deptId=3, createTime=2023-10-20T16:35:33, updateTime=2023-10-20T16:36:15, deptName=咨询部, exprList=[])
2026-06-05 18:39:49.120 [http-nio-8080-exec-3] INFO  org.example.tliastest.aop.TestAspect - 员工操作耗时: 16ms
2026-06-05 18:39:49.120 [http-nio-8080-exec-3] INFO  org.example.tliastest.aop.TestAspect - 员工操作后: EmpController.getIdEmp
2026-06-05 18:40:05.921 [http-nio-8080-exec-7] INFO  org.example.tliastest.aop.TestAspect - 员工操作前: EmpController.getEmp
2026-06-05 18:40:05.921 [http-nio-8080-exec-7] INFO  org.example.tliastest.controller.EmpController - 分页查询
2026-06-05 18:40:05.934 [http-nio-8080-exec-7] INFO  org.example.tliastest.controller.EmpController - 分页查询完成
2026-06-05 18:40:05.934 [http-nio-8080-exec-7] INFO  org.example.tliastest.aop.TestAspect - 员工操作耗时: 13ms
2026-06-05 18:40:05.934 [http-nio-8080-exec-7] INFO  org.example.tliastest.aop.TestAspect - 员工操作后: EmpController.getEmp
2026-06-05 18:40:10.200 [http-nio-8080-exec-5] INFO  org.example.tliastest.aop.TestAspect - 员工操作前: EmpController.getEmp
2026-06-05 18:40:10.201 [http-nio-8080-exec-5] INFO  org.example.tliastest.controller.EmpController - 分页查询
2026-06-05 18:40:10.209 [http-nio-8080-exec-5] INFO  org.example.tliastest.controller.EmpController - 分页查询完成
2026-06-05 18:40:10.209 [http-nio-8080-exec-5] INFO  org.example.tliastest.aop.TestAspect - 员工操作耗时: 9ms
2026-06-05 18:40:10.209 [http-nio-8080-exec-5] INFO  org.example.tliastest.aop.TestAspect - 员工操作后: EmpController.getEmp
2026-06-05 18:40:14.562 [http-nio-8080-exec-6] INFO  org.example.tliastest.aop.TestAspect - 员工操作前: EmpController.getEmp
2026-06-05 18:40:14.562 [http-nio-8080-exec-6] INFO  org.example.tliastest.controller.EmpController - 分页查询
2026-06-05 18:40:14.569 [http-nio-8080-exec-6] INFO  org.example.tliastest.controller.EmpController - 分页查询完成
2026-06-05 18:40:14.569 [http-nio-8080-exec-6] INFO  org.example.tliastest.aop.TestAspect - 员工操作耗时: 7ms
2026-06-05 18:40:14.569 [http-nio-8080-exec-6] INFO  org.example.tliastest.aop.TestAspect - 员工操作后: EmpController.getEmp
2026-06-05 18:40:17.621 [http-nio-8080-exec-4] INFO  org.example.tliastest.aop.TestAspect - 员工操作前: EmpController.getEmp
2026-06-05 18:40:17.622 [http-nio-8080-exec-4] INFO  org.example.tliastest.controller.EmpController - 分页查询
2026-06-05 18:40:17.628 [http-nio-8080-exec-4] INFO  org.example.tliastest.controller.EmpController - 分页查询完成
2026-06-05 18:40:17.628 [http-nio-8080-exec-4] INFO  org.example.tliastest.aop.TestAspect - 员工操作耗时: 7ms
2026-06-05 18:40:17.628 [http-nio-8080-exec-4] INFO  org.example.tliastest.aop.TestAspect - 员工操作后: EmpController.getEmp
2026-06-05 18:40:19.853 [http-nio-8080-exec-8] INFO  org.example.tliastest.aop.TestAspect - 员工操作前: EmpController.getEmp
2026-06-05 18:40:19.853 [http-nio-8080-exec-8] INFO  org.example.tliastest.controller.EmpController - 分页查询
2026-06-05 18:40:19.861 [http-nio-8080-exec-8] INFO  org.example.tliastest.controller.EmpController - 分页查询完成
2026-06-05 18:40:19.861 [http-nio-8080-exec-8] INFO  org.example.tliastest.aop.TestAspect - 员工操作耗时: 8ms
2026-06-05 18:40:19.861 [http-nio-8080-exec-8] INFO  org.example.tliastest.aop.TestAspect - 员工操作后: EmpController.getEmp
2026-06-05 18:40:21.672 [http-nio-8080-exec-9] INFO  org.example.tliastest.aop.TestAspect - 员工操作前: EmpController.getEmp
2026-06-05 18:40:21.673 [http-nio-8080-exec-9] INFO  org.example.tliastest.controller.EmpController - 分页查询
2026-06-05 18:40:21.681 [http-nio-8080-exec-9] INFO  org.example.tliastest.controller.EmpController - 分页查询完成
2026-06-05 18:40:21.681 [http-nio-8080-exec-9] INFO  org.example.tliastest.aop.TestAspect - 员工操作耗时: 9ms
2026-06-05 18:40:21.681 [http-nio-8080-exec-9] INFO  org.example.tliastest.aop.TestAspect - 员工操作后: EmpController.getEmp
2026-06-05 18:40:23.299 [http-nio-8080-exec-10] INFO  org.example.tliastest.aop.TestAspect - 员工操作前: EmpController.getEmp
2026-06-05 18:40:23.299 [http-nio-8080-exec-10] INFO  org.example.tliastest.controller.EmpController - 分页查询
2026-06-05 18:40:23.311 [http-nio-8080-exec-10] INFO  org.example.tliastest.controller.EmpController - 分页查询完成
2026-06-05 18:40:23.311 [http-nio-8080-exec-10] INFO  org.example.tliastest.aop.TestAspect - 员工操作耗时: 12ms
2026-06-05 18:40:23.311 [http-nio-8080-exec-10] INFO  org.example.tliastest.aop.TestAspect - 员工操作后: EmpController.getEmp
2026-06-05 18:40:28.599 [http-nio-8080-exec-1] INFO  org.example.tliastest.aop.TestAspect - 员工操作前: EmpController.getEmp
2026-06-05 18:40:28.600 [http-nio-8080-exec-1] INFO  org.example.tliastest.controller.EmpController - 分页查询
2026-06-05 18:40:28.604 [http-nio-8080-exec-1] INFO  org.example.tliastest.controller.EmpController - 分页查询完成
2026-06-05 18:40:28.604 [http-nio-8080-exec-1] INFO  org.example.tliastest.aop.TestAspect - 员工操作耗时: 5ms
2026-06-05 18:40:28.604 [http-nio-8080-exec-1] INFO  org.example.tliastest.aop.TestAspect - 员工操作后: EmpController.getEmp
2026-06-05 18:40:32.642 [http-nio-8080-exec-2] INFO  org.example.tliastest.aop.TestAspect - 员工操作前: EmpController.getEmp
2026-06-05 18:40:32.642 [http-nio-8080-exec-2] INFO  org.example.tliastest.controller.EmpController - 分页查询
2026-06-05 18:40:32.649 [http-nio-8080-exec-2] INFO  org.example.tliastest.controller.EmpController - 分页查询完成
2026-06-05 18:40:32.649 [http-nio-8080-exec-2] INFO  org.example.tliastest.aop.TestAspect - 员工操作耗时: 7ms
2026-06-05 18:40:32.649 [http-nio-8080-exec-2] INFO  org.example.tliastest.aop.TestAspect - 员工操作后: EmpController.getEmp
2026-06-05 19:05:09.246 [http-nio-8080-exec-3] INFO  org.example.tliastest.aop.TestAspect - 员工操作前: EmpController.getEmp
2026-06-05 19:05:09.246 [http-nio-8080-exec-3] INFO  org.example.tliastest.controller.EmpController - 分页查询
2026-06-05 19:05:09.288 [http-nio-8080-exec-3] INFO  org.example.tliastest.controller.EmpController - 分页查询完成
2026-06-05 19:05:09.289 [http-nio-8080-exec-3] INFO  org.example.tliastest.aop.TestAspect - 员工操作耗时: 43ms
2026-06-05 19:05:09.289 [http-nio-8080-exec-3] INFO  org.example.tliastest.aop.TestAspect - 员工操作后: EmpController.getEmp
2026-06-05 19:16:26.281 [http-nio-8080-exec-7] INFO  org.example.tliastest.aop.TestAspect - 员工操作前: EmpController.getEmp
2026-06-05 19:16:26.281 [http-nio-8080-exec-7] INFO  org.example.tliastest.controller.EmpController - 分页查询
2026-06-05 19:16:26.323 [http-nio-8080-exec-7] INFO  org.example.tliastest.controller.EmpController - 分页查询完成
2026-06-05 19:16:26.323 [http-nio-8080-exec-7] INFO  org.example.tliastest.aop.TestAspect - 员工操作耗时: 42ms
2026-06-05 19:16:26.323 [http-nio-8080-exec-7] INFO  org.example.tliastest.aop.TestAspect - 员工操作后: EmpController.getEmp
2026-06-05 19:16:38.926 [http-nio-8080-exec-5] INFO  org.example.tliastest.aop.TestAspect - 员工操作前: EmpController.getEmp
2026-06-05 19:16:38.926 [http-nio-8080-exec-5] INFO  org.example.tliastest.controller.EmpController - 分页查询
2026-06-05 19:16:38.935 [http-nio-8080-exec-5] INFO  org.example.tliastest.controller.EmpController - 分页查询完成
2026-06-05 19:16:38.935 [http-nio-8080-exec-5] INFO  org.example.tliastest.aop.TestAspect - 员工操作耗时: 9ms
2026-06-05 19:16:38.935 [http-nio-8080-exec-5] INFO  org.example.tliastest.aop.TestAspect - 员工操作后: EmpController.getEmp
2026-06-05 21:06:59.641 [http-nio-8080-exec-6] INFO  org.example.tliastest.aop.TestAspect - 员工操作前: EmpController.getEmp
2026-06-05 21:06:59.646 [http-nio-8080-exec-6] INFO  org.example.tliastest.controller.EmpController - 分页查询
2026-06-05 21:06:59.723 [http-nio-8080-exec-6] INFO  org.example.tliastest.controller.EmpController - 分页查询完成
2026-06-05 21:06:59.723 [http-nio-8080-exec-6] INFO  org.example.tliastest.aop.TestAspect - 员工操作耗时: 82ms
2026-06-05 21:06:59.723 [http-nio-8080-exec-6] INFO  org.example.tliastest.aop.TestAspect - 员工操作后: EmpController.getEmp
2026-06-05 21:07:01.140 [http-nio-8080-exec-4] INFO  org.example.tliastest.aop.TestAspect - 员工操作前: EmpController.getIdEmp
2026-06-05 21:07:01.153 [http-nio-8080-exec-4] INFO  org.example.tliastest.controller.EmpController - 查询员工的id列表：36
2026-06-05 21:07:01.198 [http-nio-8080-exec-4] INFO  org.example.tliastest.controller.EmpController - 查询出来的员工的列表：Emp(id=36, username=linghuchong, password=123456, name=令狐冲, gender=1, phone=18809091212, job=2, salary=6800, image=https://web-framework.oss-cn-hangzhou.aliyuncs.com/2023/1.jpg, entryDate=2023-10-19, deptId=2, createTime=2023-10-20T20:44:54, updateTime=2026-06-04T22:29:20, deptName=教研部, exprList=[])
2026-06-05 21:07:01.199 [http-nio-8080-exec-4] INFO  org.example.tliastest.aop.TestAspect - 员工操作耗时: 59ms
2026-06-05 21:07:01.199 [http-nio-8080-exec-4] INFO  org.example.tliastest.aop.TestAspect - 员工操作后: EmpController.getIdEmp
2026-06-05 21:07:03.245 [http-nio-8080-exec-8] INFO  org.example.tliastest.aop.TestAspect - 员工操作前: EmpController.getEmp
2026-06-05 21:07:03.245 [http-nio-8080-exec-8] INFO  org.example.tliastest.controller.EmpController - 分页查询
2026-06-05 21:07:03.253 [http-nio-8080-exec-8] INFO  org.example.tliastest.controller.EmpController - 分页查询完成
2026-06-05 21:07:03.254 [http-nio-8080-exec-8] INFO  org.example.tliastest.aop.TestAspect - 员工操作耗时: 9ms
2026-06-05 21:07:03.254 [http-nio-8080-exec-8] INFO  org.example.tliastest.aop.TestAspect - 员工操作后: EmpController.getEmp
2026-06-05 21:07:04.235 [http-nio-8080-exec-9] INFO  org.example.tliastest.aop.TestAspect - 员工操作前: EmpController.getEmp
2026-06-05 21:07:04.236 [http-nio-8080-exec-9] INFO  org.example.tliastest.controller.EmpController - 分页查询
2026-06-05 21:07:04.242 [http-nio-8080-exec-9] INFO  org.example.tliastest.controller.EmpController - 分页查询完成
2026-06-05 21:07:04.244 [http-nio-8080-exec-9] INFO  org.example.tliastest.aop.TestAspect - 员工操作耗时: 9ms
2026-06-05 21:07:04.244 [http-nio-8080-exec-9] INFO  org.example.tliastest.aop.TestAspect - 员工操作后: EmpController.getEmp
2026-06-05 21:07:36.781 [http-nio-8080-exec-10] INFO  org.example.tliastest.aop.TestAspect - 员工操作前: EmpController.getEmp
2026-06-05 21:07:36.781 [http-nio-8080-exec-10] INFO  org.example.tliastest.controller.EmpController - 分页查询
2026-06-05 21:07:36.793 [http-nio-8080-exec-10] INFO  org.example.tliastest.controller.EmpController - 分页查询完成
2026-06-05 21:07:36.793 [http-nio-8080-exec-10] INFO  org.example.tliastest.aop.TestAspect - 员工操作耗时: 12ms
2026-06-05 21:07:36.793 [http-nio-8080-exec-10] INFO  org.example.tliastest.aop.TestAspect - 员工操作后: EmpController.getEmp
2026-06-05 21:07:42.963 [http-nio-8080-exec-1] INFO  org.example.tliastest.aop.TestAspect - 员工操作前: EmpController.getEmp
2026-06-05 21:07:42.963 [http-nio-8080-exec-1] INFO  org.example.tliastest.controller.EmpController - 分页查询
2026-06-05 21:07:42.973 [http-nio-8080-exec-1] INFO  org.example.tliastest.controller.EmpController - 分页查询完成
2026-06-05 21:07:42.973 [http-nio-8080-exec-1] INFO  org.example.tliastest.aop.TestAspect - 员工操作耗时: 10ms
2026-06-05 21:07:42.973 [http-nio-8080-exec-1] INFO  org.example.tliastest.aop.TestAspect - 员工操作后: EmpController.getEmp
2026-06-05 21:07:45.536 [http-nio-8080-exec-2] INFO  org.example.tliastest.aop.TestAspect - 员工操作前: EmpController.getIdEmp
2026-06-05 21:07:45.536 [http-nio-8080-exec-2] INFO  org.example.tliastest.controller.EmpController - 查询员工的id列表：41
2026-06-05 21:07:45.548 [http-nio-8080-exec-2] INFO  org.example.tliastest.controller.EmpController - 查询出来的员工的列表：Emp(id=41, username=teddi, password=null, name=哲迪君, gender=1, phone=12344446666, job=4, salary=12000, image=https://teddizen-java-tesy.oss-cn-guangzhou.aliyuncs.com/2026/05/fe80d8f3-726a-475e-9b2b-7f6660ee772f.jpg, entryDate=2026-05-05, deptId=8, createTime=2026-05-15T13:58:23, updateTime=2026-06-03T00:32:48, deptName=宣传部, exprList=[EmpExpr(id=null, empId=41, begin=2026-06-11, end=2026-07-22, company=我是歌手, job=钱啊武清区), EmpExpr(id=null, empId=41, begin=2026-05-13, end=2026-06-25, company=喂喂喂, job=请求)])
2026-06-05 21:07:45.548 [http-nio-8080-exec-2] INFO  org.example.tliastest.aop.TestAspect - 员工操作耗时: 12ms
2026-06-05 21:07:45.549 [http-nio-8080-exec-2] INFO  org.example.tliastest.aop.TestAspect - 员工操作后: EmpController.getIdEmp
2026-06-05 21:08:26.659 [http-nio-8080-exec-3] INFO  org.example.tliastest.aop.TestAspect - 员工操作前: EmpController.getEmp
2026-06-05 21:08:26.659 [http-nio-8080-exec-3] INFO  org.example.tliastest.controller.EmpController - 分页查询
2026-06-05 21:08:26.670 [http-nio-8080-exec-3] INFO  org.example.tliastest.controller.EmpController - 分页查询完成
2026-06-05 21:08:26.670 [http-nio-8080-exec-3] INFO  org.example.tliastest.aop.TestAspect - 员工操作耗时: 11ms
2026-06-05 21:08:26.670 [http-nio-8080-exec-3] INFO  org.example.tliastest.aop.TestAspect - 员工操作后: EmpController.getEmp
2026-06-05 21:08:35.652 [http-nio-8080-exec-7] INFO  org.example.tliastest.aop.TestAspect - 员工操作前: EmpController.getEmp
2026-06-05 21:08:35.652 [http-nio-8080-exec-7] INFO  org.example.tliastest.controller.EmpController - 分页查询
2026-06-05 21:08:35.660 [http-nio-8080-exec-7] INFO  org.example.tliastest.controller.EmpController - 分页查询完成
2026-06-05 21:08:35.660 [http-nio-8080-exec-7] INFO  org.example.tliastest.aop.TestAspect - 员工操作耗时: 8ms
2026-06-05 21:08:35.660 [http-nio-8080-exec-7] INFO  org.example.tliastest.aop.TestAspect - 员工操作后: EmpController.getEmp
2026-06-05 21:08:37.750 [http-nio-8080-exec-5] INFO  org.example.tliastest.aop.TestAspect - 员工操作前: EmpController.getEmp
2026-06-05 21:08:37.750 [http-nio-8080-exec-5] INFO  org.example.tliastest.controller.EmpController - 分页查询
2026-06-05 21:08:37.758 [http-nio-8080-exec-5] INFO  org.example.tliastest.controller.EmpController - 分页查询完成
2026-06-05 21:08:37.758 [http-nio-8080-exec-5] INFO  org.example.tliastest.aop.TestAspect - 员工操作耗时: 9ms
2026-06-05 21:08:37.758 [http-nio-8080-exec-5] INFO  org.example.tliastest.aop.TestAspect - 员工操作后: EmpController.getEmp
2026-06-05 21:09:00.189 [http-nio-8080-exec-6] INFO  org.example.tliastest.aop.TestAspect - 员工操作前: EmpController.getEmp
2026-06-05 21:09:00.190 [http-nio-8080-exec-6] INFO  org.example.tliastest.controller.EmpController - 分页查询
2026-06-05 21:09:00.199 [http-nio-8080-exec-6] INFO  org.example.tliastest.controller.EmpController - 分页查询完成
2026-06-05 21:09:00.199 [http-nio-8080-exec-6] INFO  org.example.tliastest.aop.TestAspect - 员工操作耗时: 10ms
2026-06-05 21:09:00.199 [http-nio-8080-exec-6] INFO  org.example.tliastest.aop.TestAspect - 员工操作后: EmpController.getEmp
2026-06-05 21:09:03.062 [http-nio-8080-exec-4] INFO  org.example.tliastest.aop.TestAspect - 员工操作前: EmpController.getEmp
2026-06-05 21:09:03.062 [http-nio-8080-exec-4] INFO  org.example.tliastest.controller.EmpController - 分页查询
2026-06-05 21:09:03.070 [http-nio-8080-exec-4] INFO  org.example.tliastest.controller.EmpController - 分页查询完成
2026-06-05 21:09:03.070 [http-nio-8080-exec-4] INFO  org.example.tliastest.aop.TestAspect - 员工操作耗时: 8ms
2026-06-05 21:09:03.070 [http-nio-8080-exec-4] INFO  org.example.tliastest.aop.TestAspect - 员工操作后: EmpController.getEmp
2026-06-05 21:09:03.932 [http-nio-8080-exec-8] INFO  org.example.tliastest.aop.TestAspect - 员工操作前: EmpController.getIdEmp
2026-06-05 21:09:03.933 [http-nio-8080-exec-8] INFO  org.example.tliastest.controller.EmpController - 查询员工的id列表：41
2026-06-05 21:09:03.998 [http-nio-8080-exec-8] INFO  org.example.tliastest.controller.EmpController - 查询出来的员工的列表：Emp(id=41, username=teddi, password=null, name=哲迪君, gender=1, phone=12344446666, job=4, salary=12000, image=https://teddizen-java-tesy.oss-cn-guangzhou.aliyuncs.com/2026/05/fe80d8f3-726a-475e-9b2b-7f6660ee772f.jpg, entryDate=2026-05-05, deptId=8, createTime=2026-05-15T13:58:23, updateTime=2026-06-03T00:32:48, deptName=宣传部, exprList=[EmpExpr(id=null, empId=41, begin=2026-06-11, end=2026-07-22, company=我是歌手, job=钱啊武清区), EmpExpr(id=null, empId=41, begin=2026-05-13, end=2026-06-25, company=喂喂喂, job=请求)])
2026-06-05 21:09:03.999 [http-nio-8080-exec-8] INFO  org.example.tliastest.aop.TestAspect - 员工操作耗时: 67ms
2026-06-05 21:09:03.999 [http-nio-8080-exec-8] INFO  org.example.tliastest.aop.TestAspect - 员工操作后: EmpController.getIdEmp
2026-06-05 21:22:08.096 [http-nio-8080-exec-9] INFO  org.example.tliastest.aop.TestAspect - 员工操作前: EmpController.getEmp
2026-06-05 21:22:08.096 [http-nio-8080-exec-9] INFO  org.example.tliastest.controller.EmpController - 分页查询
2026-06-05 21:22:08.106 [http-nio-8080-exec-9] INFO  org.example.tliastest.controller.EmpController - 分页查询完成
2026-06-05 21:22:08.106 [http-nio-8080-exec-9] INFO  org.example.tliastest.aop.TestAspect - 员工操作耗时: 10ms
2026-06-05 21:22:08.106 [http-nio-8080-exec-9] INFO  org.example.tliastest.aop.TestAspect - 员工操作后: EmpController.getEmp
2026-06-05 21:22:23.874 [http-nio-8080-exec-10] INFO  org.example.tliastest.aop.TestAspect - 员工操作前: EmpController.getEmp
2026-06-05 21:22:23.874 [http-nio-8080-exec-10] INFO  org.example.tliastest.controller.EmpController - 分页查询
2026-06-05 21:22:23.933 [http-nio-8080-exec-10] INFO  org.example.tliastest.controller.EmpController - 分页查询完成
2026-06-05 21:22:23.933 [http-nio-8080-exec-10] INFO  org.example.tliastest.aop.TestAspect - 员工操作耗时: 59ms
2026-06-05 21:22:23.933 [http-nio-8080-exec-10] INFO  org.example.tliastest.aop.TestAspect - 员工操作后: EmpController.getEmp
2026-06-05 21:22:27.949 [http-nio-8080-exec-1] INFO  org.example.tliastest.aop.TestAspect - 员工操作前: EmpController.getEmp
2026-06-05 21:22:27.949 [http-nio-8080-exec-1] INFO  org.example.tliastest.controller.EmpController - 分页查询
2026-06-05 21:22:27.957 [http-nio-8080-exec-1] INFO  org.example.tliastest.controller.EmpController - 分页查询完成
2026-06-05 21:22:27.957 [http-nio-8080-exec-1] INFO  org.example.tliastest.aop.TestAspect - 员工操作耗时: 8ms
2026-06-05 21:22:27.957 [http-nio-8080-exec-1] INFO  org.example.tliastest.aop.TestAspect - 员工操作后: EmpController.getEmp
2026-06-05 21:22:29.530 [http-nio-8080-exec-2] INFO  org.example.tliastest.aop.TestAspect - 员工操作前: EmpController.getIdEmp
2026-06-05 21:22:29.530 [http-nio-8080-exec-2] INFO  org.example.tliastest.controller.EmpController - 查询员工的id列表：48
2026-06-05 21:22:29.549 [http-nio-8080-exec-2] INFO  org.example.tliastest.controller.EmpController - 查询出来的员工的列表：Emp(id=48, username=测试OOS, password=null, name=OOS, gender=1, phone=12233330000, job=2, salary=2233, image=https://teddizen-java-tesy.oss-cn-guangzhou.aliyuncs.com/2026/05/723b79a7-8812-4a85-a104-a45d456b492a.jpg, entryDate=2026-05-03, deptId=12, createTime=2026-05-22T18:35:21, updateTime=2026-06-02T23:31:53, deptName=检查部, exprList=[EmpExpr(id=null, empId=48, begin=null, end=null, company=阿萨斯, job=null)])
2026-06-05 21:22:29.549 [http-nio-8080-exec-2] INFO  org.example.tliastest.aop.TestAspect - 员工操作耗时: 19ms
2026-06-05 21:22:29.549 [http-nio-8080-exec-2] INFO  org.example.tliastest.aop.TestAspect - 员工操作后: EmpController.getIdEmp
2026-06-05 21:23:39.548 [http-nio-8080-exec-3] INFO  org.example.tliastest.controller.UploadController - 上传文件: 屏幕截图 2026-06-04 002622.png
2026-06-05 21:23:40.593 [http-nio-8080-exec-3] INFO  org.example.tliastest.controller.UploadController - 上传成功: https://teddizen-java-tesy.oss-cn-guangzhou.aliyuncs.com/2026/06/b772604b-61c7-4400-95c5-59cf9d7ea56e.png
2026-06-05 21:23:56.606 [http-nio-8080-exec-7] INFO  org.example.tliastest.aop.TestAspect - 员工操作前: EmpController.updateEmp
2026-06-05 21:23:56.636 [http-nio-8080-exec-7] INFO  org.example.tliastest.controller.EmpController - 更新员工：Emp(id=null, username=zhangsan, password=null, name=张三, gender=1, phone=11233339999, job=5, salary=20000, image=https://teddizen-java-tesy.oss-cn-guangzhou.aliyuncs.com/2026/06/b772604b-61c7-4400-95c5-59cf9d7ea56e.png, entryDate=2025-06-10, deptId=null, createTime=null, updateTime=2026-06-05T21:23:56.607445300, deptName=1, exprList=[EmpExpr(id=1, empId=null, begin=2026-06-08, end=2026-07-24, company=去去去, job=222), EmpExpr(id=2, empId=null, begin=2026-06-16, end=2026-07-22, company=试试, job=ffsds)])
2026-06-05 21:23:56.636 [http-nio-8080-exec-7] INFO  org.example.tliastest.aop.TestAspect - 员工操作耗时: 30ms
2026-06-05 21:23:56.636 [http-nio-8080-exec-7] INFO  org.example.tliastest.aop.TestAspect - 员工操作后: EmpController.updateEmp
2026-06-05 21:23:56.648 [http-nio-8080-exec-5] INFO  org.example.tliastest.aop.TestAspect - 员工操作前: EmpController.getEmp
2026-06-05 21:23:56.648 [http-nio-8080-exec-5] INFO  org.example.tliastest.controller.EmpController - 分页查询
2026-06-05 21:23:56.653 [http-nio-8080-exec-5] INFO  org.example.tliastest.controller.EmpController - 分页查询完成
2026-06-05 21:23:56.653 [http-nio-8080-exec-5] INFO  org.example.tliastest.aop.TestAspect - 员工操作耗时: 5ms
2026-06-05 21:23:56.653 [http-nio-8080-exec-5] INFO  org.example.tliastest.aop.TestAspect - 员工操作后: EmpController.getEmp
2026-06-05 21:24:04.970 [http-nio-8080-exec-6] INFO  org.example.tliastest.aop.TestAspect - 员工操作前: EmpController.getEmp
2026-06-05 21:24:04.970 [http-nio-8080-exec-6] INFO  org.example.tliastest.controller.EmpController - 分页查询
2026-06-05 21:24:04.975 [http-nio-8080-exec-6] INFO  org.example.tliastest.controller.EmpController - 分页查询完成
2026-06-05 21:24:04.975 [http-nio-8080-exec-6] INFO  org.example.tliastest.aop.TestAspect - 员工操作耗时: 5ms
2026-06-05 21:24:04.975 [http-nio-8080-exec-6] INFO  org.example.tliastest.aop.TestAspect - 员工操作后: EmpController.getEmp
2026-06-05 21:24:06.687 [http-nio-8080-exec-4] INFO  org.example.tliastest.aop.TestAspect - 员工操作前: EmpController.getEmp
2026-06-05 21:24:06.687 [http-nio-8080-exec-4] INFO  org.example.tliastest.controller.EmpController - 分页查询
2026-06-05 21:24:06.693 [http-nio-8080-exec-4] INFO  org.example.tliastest.controller.EmpController - 分页查询完成
2026-06-05 21:24:06.693 [http-nio-8080-exec-4] INFO  org.example.tliastest.aop.TestAspect - 员工操作耗时: 6ms
2026-06-05 21:24:06.693 [http-nio-8080-exec-4] INFO  org.example.tliastest.aop.TestAspect - 员工操作后: EmpController.getEmp
2026-06-05 21:24:08.743 [http-nio-8080-exec-8] INFO  org.example.tliastest.aop.TestAspect - 员工操作前: EmpController.getEmp
2026-06-05 21:24:08.743 [http-nio-8080-exec-8] INFO  org.example.tliastest.controller.EmpController - 分页查询
2026-06-05 21:24:08.748 [http-nio-8080-exec-8] INFO  org.example.tliastest.controller.EmpController - 分页查询完成
2026-06-05 21:24:08.748 [http-nio-8080-exec-8] INFO  org.example.tliastest.aop.TestAspect - 员工操作耗时: 5ms
2026-06-05 21:24:08.748 [http-nio-8080-exec-8] INFO  org.example.tliastest.aop.TestAspect - 员工操作后: EmpController.getEmp
2026-06-05 21:24:09.988 [http-nio-8080-exec-9] INFO  org.example.tliastest.aop.TestAspect - 员工操作前: EmpController.getEmp
2026-06-05 21:24:09.988 [http-nio-8080-exec-9] INFO  org.example.tliastest.controller.EmpController - 分页查询
2026-06-05 21:24:09.992 [http-nio-8080-exec-9] INFO  org.example.tliastest.controller.EmpController - 分页查询完成
2026-06-05 21:24:09.992 [http-nio-8080-exec-9] INFO  org.example.tliastest.aop.TestAspect - 员工操作耗时: 4ms
2026-06-05 21:24:09.992 [http-nio-8080-exec-9] INFO  org.example.tliastest.aop.TestAspect - 员工操作后: EmpController.getEmp
2026-06-05 21:24:12.042 [http-nio-8080-exec-10] INFO  org.example.tliastest.aop.TestAspect - 员工操作前: EmpController.getEmp
2026-06-05 21:24:12.042 [http-nio-8080-exec-10] INFO  org.example.tliastest.controller.EmpController - 分页查询
2026-06-05 21:24:12.049 [http-nio-8080-exec-10] INFO  org.example.tliastest.controller.EmpController - 分页查询完成
2026-06-05 21:24:12.049 [http-nio-8080-exec-10] INFO  org.example.tliastest.aop.TestAspect - 员工操作耗时: 7ms
2026-06-05 21:24:12.049 [http-nio-8080-exec-10] INFO  org.example.tliastest.aop.TestAspect - 员工操作后: EmpController.getEmp
2026-06-05 21:24:13.835 [http-nio-8080-exec-1] INFO  org.example.tliastest.aop.TestAspect - 员工操作前: EmpController.getEmp
2026-06-05 21:24:13.836 [http-nio-8080-exec-1] INFO  org.example.tliastest.controller.EmpController - 分页查询
2026-06-05 21:24:13.840 [http-nio-8080-exec-1] INFO  org.example.tliastest.controller.EmpController - 分页查询完成
2026-06-05 21:24:13.840 [http-nio-8080-exec-1] INFO  org.example.tliastest.aop.TestAspect - 员工操作耗时: 5ms
2026-06-05 21:24:13.840 [http-nio-8080-exec-1] INFO  org.example.tliastest.aop.TestAspect - 员工操作后: EmpController.getEmp
2026-06-05 21:24:15.196 [http-nio-8080-exec-2] INFO  org.example.tliastest.aop.TestAspect - 员工操作前: EmpController.getEmp
2026-06-05 21:24:15.196 [http-nio-8080-exec-2] INFO  org.example.tliastest.controller.EmpController - 分页查询
2026-06-05 21:24:15.202 [http-nio-8080-exec-2] INFO  org.example.tliastest.controller.EmpController - 分页查询完成
2026-06-05 21:24:15.202 [http-nio-8080-exec-2] INFO  org.example.tliastest.aop.TestAspect - 员工操作耗时: 6ms
2026-06-05 21:24:15.202 [http-nio-8080-exec-2] INFO  org.example.tliastest.aop.TestAspect - 员工操作后: EmpController.getEmp
2026-06-05 21:36:57.220 [http-nio-8080-exec-3] INFO  org.example.tliastest.aop.TestAspect - 员工操作前: EmpController.getEmp
2026-06-05 21:36:57.220 [http-nio-8080-exec-3] INFO  org.example.tliastest.controller.EmpController - 分页查询
2026-06-05 21:36:57.231 [http-nio-8080-exec-3] INFO  org.example.tliastest.controller.EmpController - 分页查询完成
2026-06-05 21:36:57.231 [http-nio-8080-exec-3] INFO  org.example.tliastest.aop.TestAspect - 员工操作耗时: 11ms
2026-06-05 21:36:57.231 [http-nio-8080-exec-3] INFO  org.example.tliastest.aop.TestAspect - 员工操作后: EmpController.getEmp
2026-06-05 21:37:15.155 [http-nio-8080-exec-7] INFO  org.example.tliastest.aop.TestAspect - 员工操作前: EmpController.getEmp
2026-06-05 21:37:15.155 [http-nio-8080-exec-7] INFO  org.example.tliastest.controller.EmpController - 分页查询
2026-06-05 21:37:15.160 [http-nio-8080-exec-7] INFO  org.example.tliastest.controller.EmpController - 分页查询完成
2026-06-05 21:37:15.160 [http-nio-8080-exec-7] INFO  org.example.tliastest.aop.TestAspect - 员工操作耗时: 5ms
2026-06-05 21:37:15.160 [http-nio-8080-exec-7] INFO  org.example.tliastest.aop.TestAspect - 员工操作后: EmpController.getEmp
2026-06-05 21:37:31.704 [http-nio-8080-exec-5] INFO  org.example.tliastest.aop.TestAspect - 员工操作前: EmpController.getEmp
2026-06-05 21:37:31.705 [http-nio-8080-exec-5] INFO  org.example.tliastest.controller.EmpController - 分页查询
2026-06-05 21:37:31.715 [http-nio-8080-exec-5] INFO  org.example.tliastest.controller.EmpController - 分页查询完成
2026-06-05 21:37:31.715 [http-nio-8080-exec-5] INFO  org.example.tliastest.aop.TestAspect - 员工操作耗时: 11ms
2026-06-05 21:37:31.715 [http-nio-8080-exec-5] INFO  org.example.tliastest.aop.TestAspect - 员工操作后: EmpController.getEmp
2026-06-05 21:37:36.406 [http-nio-8080-exec-6] INFO  org.example.tliastest.aop.TestAspect - 员工操作前: EmpController.getIdEmp
2026-06-05 21:37:36.406 [http-nio-8080-exec-6] INFO  org.example.tliastest.controller.EmpController - 查询员工的id列表：36
2026-06-05 21:37:36.419 [http-nio-8080-exec-6] INFO  org.example.tliastest.controller.EmpController - 查询出来的员工的列表：Emp(id=36, username=linghuchong, password=123456, name=令狐冲, gender=1, phone=18809091212, job=2, salary=6800, image=https://web-framework.oss-cn-hangzhou.aliyuncs.com/2023/1.jpg, entryDate=2023-10-19, deptId=2, createTime=2023-10-20T20:44:54, updateTime=2026-06-04T22:29:20, deptName=教研部, exprList=[])
2026-06-05 21:37:36.419 [http-nio-8080-exec-6] INFO  org.example.tliastest.aop.TestAspect - 员工操作耗时: 13ms
2026-06-05 21:37:36.420 [http-nio-8080-exec-6] INFO  org.example.tliastest.aop.TestAspect - 员工操作后: EmpController.getIdEmp
2026-06-05 21:37:45.234 [http-nio-8080-exec-4] INFO  org.example.tliastest.controller.UploadController - 上传文件: 屏幕截图 2026-05-31 143257.png
2026-06-05 21:37:45.655 [http-nio-8080-exec-4] INFO  org.example.tliastest.controller.UploadController - 上传成功: https://teddizen-java-tesy.oss-cn-guangzhou.aliyuncs.com/2026/06/decfee31-ea16-41d1-ba1a-dc4b97c18d83.png
2026-06-05 21:37:47.948 [http-nio-8080-exec-8] INFO  org.example.tliastest.aop.TestAspect - 员工操作前: EmpController.updateEmp
2026-06-05 21:37:47.979 [http-nio-8080-exec-8] INFO  org.example.tliastest.controller.EmpController - 更新员工：Emp(id=36, username=linghuchong, password=123456, name=令狐冲, gender=1, phone=18809091212, job=2, salary=6800, image=https://teddizen-java-tesy.oss-cn-guangzhou.aliyuncs.com/2026/06/decfee31-ea16-41d1-ba1a-dc4b97c18d83.png, entryDate=2023-10-19, deptId=2, createTime=2023-10-20T20:44:54, updateTime=2026-06-05T21:37:47.948810600, deptName=教研部, exprList=[])
2026-06-05 21:37:47.979 [http-nio-8080-exec-8] INFO  org.example.tliastest.aop.TestAspect - 员工操作耗时: 31ms
2026-06-05 21:37:47.979 [http-nio-8080-exec-8] INFO  org.example.tliastest.aop.TestAspect - 员工操作后: EmpController.updateEmp
2026-06-05 21:37:47.987 [http-nio-8080-exec-9] INFO  org.example.tliastest.aop.TestAspect - 员工操作前: EmpController.getEmp
2026-06-05 21:37:47.987 [http-nio-8080-exec-9] INFO  org.example.tliastest.controller.EmpController - 分页查询
2026-06-05 21:37:47.993 [http-nio-8080-exec-9] INFO  org.example.tliastest.controller.EmpController - 分页查询完成
2026-06-05 21:37:47.993 [http-nio-8080-exec-9] INFO  org.example.tliastest.aop.TestAspect - 员工操作耗时: 6ms
2026-06-05 21:37:47.993 [http-nio-8080-exec-9] INFO  org.example.tliastest.aop.TestAspect - 员工操作后: EmpController.getEmp
2026-06-05 21:39:06.453 [http-nio-8080-exec-10] INFO  org.example.tliastest.aop.TestAspect - 员工操作前: EmpController.updateEmp
2026-06-05 21:39:06.557 [http-nio-8080-exec-10] INFO  org.example.tliastest.controller.EmpController - 更新员工：Emp(id=null, username=zhangsan, password=null, name=张三, gender=1, phone=12344447777, job=2, salary=20000, image=, entryDate=2026-06-08, deptId=null, createTime=null, updateTime=2026-06-05T21:39:06.454486100, deptName=2, exprList=[EmpExpr(id=1, empId=null, begin=2026-06-10, end=2026-07-11, company=111, job=222)])
2026-06-05 21:39:06.557 [http-nio-8080-exec-10] INFO  org.example.tliastest.aop.TestAspect - 员工操作耗时: 104ms
2026-06-05 21:39:06.557 [http-nio-8080-exec-10] INFO  org.example.tliastest.aop.TestAspect - 员工操作后: EmpController.updateEmp
2026-06-05 21:39:06.566 [http-nio-8080-exec-1] INFO  org.example.tliastest.aop.TestAspect - 员工操作前: EmpController.getEmp
2026-06-05 21:39:06.566 [http-nio-8080-exec-1] INFO  org.example.tliastest.controller.EmpController - 分页查询
2026-06-05 21:39:06.573 [http-nio-8080-exec-1] INFO  org.example.tliastest.controller.EmpController - 分页查询完成
2026-06-05 21:39:06.573 [http-nio-8080-exec-1] INFO  org.example.tliastest.aop.TestAspect - 员工操作耗时: 7ms
2026-06-05 21:39:06.573 [http-nio-8080-exec-1] INFO  org.example.tliastest.aop.TestAspect - 员工操作后: EmpController.getEmp
2026-06-05 21:39:09.671 [http-nio-8080-exec-2] INFO  org.example.tliastest.aop.TestAspect - 员工操作前: EmpController.getEmp
2026-06-05 21:39:09.671 [http-nio-8080-exec-2] INFO  org.example.tliastest.controller.EmpController - 分页查询
2026-06-05 21:39:09.676 [http-nio-8080-exec-2] INFO  org.example.tliastest.controller.EmpController - 分页查询完成
2026-06-05 21:39:09.676 [http-nio-8080-exec-2] INFO  org.example.tliastest.aop.TestAspect - 员工操作耗时: 5ms
2026-06-05 21:39:09.676 [http-nio-8080-exec-2] INFO  org.example.tliastest.aop.TestAspect - 员工操作后: EmpController.getEmp
2026-06-05 21:39:11.236 [http-nio-8080-exec-3] INFO  org.example.tliastest.aop.TestAspect - 员工操作前: EmpController.getEmp
2026-06-05 21:39:11.236 [http-nio-8080-exec-3] INFO  org.example.tliastest.controller.EmpController - 分页查询
2026-06-05 21:39:11.240 [http-nio-8080-exec-3] INFO  org.example.tliastest.controller.EmpController - 分页查询完成
2026-06-05 21:39:11.240 [http-nio-8080-exec-3] INFO  org.example.tliastest.aop.TestAspect - 员工操作耗时: 4ms
2026-06-05 21:39:11.240 [http-nio-8080-exec-3] INFO  org.example.tliastest.aop.TestAspect - 员工操作后: EmpController.getEmp
2026-06-05 21:47:30.402 [http-nio-8080-exec-7] INFO  org.example.tliastest.aop.TestAspect - 员工操作前: EmpController.getEmp
2026-06-05 21:47:30.402 [http-nio-8080-exec-7] INFO  org.example.tliastest.controller.EmpController - 分页查询
2026-06-05 21:47:30.413 [http-nio-8080-exec-7] INFO  org.example.tliastest.controller.EmpController - 分页查询完成
2026-06-05 21:47:30.413 [http-nio-8080-exec-7] INFO  org.example.tliastest.aop.TestAspect - 员工操作耗时: 11ms
2026-06-05 21:47:30.413 [http-nio-8080-exec-7] INFO  org.example.tliastest.aop.TestAspect - 员工操作后: EmpController.getEmp
2026-06-05 21:48:09.497 [http-nio-8080-exec-5] INFO  org.example.tliastest.aop.TestAspect - 员工操作前: EmpController.getEmp
2026-06-05 21:48:09.497 [http-nio-8080-exec-5] INFO  org.example.tliastest.controller.EmpController - 分页查询
2026-06-05 21:48:09.507 [http-nio-8080-exec-5] INFO  org.example.tliastest.controller.EmpController - 分页查询完成
2026-06-05 21:48:09.507 [http-nio-8080-exec-5] INFO  org.example.tliastest.aop.TestAspect - 员工操作耗时: 10ms
2026-06-05 21:48:09.507 [http-nio-8080-exec-5] INFO  org.example.tliastest.aop.TestAspect - 员工操作后: EmpController.getEmp
2026-06-05 21:50:36.987 [http-nio-8080-exec-6] INFO  org.example.tliastest.aop.TestAspect - 员工操作前: EmpController.getEmp
2026-06-05 21:50:36.987 [http-nio-8080-exec-6] INFO  org.example.tliastest.controller.EmpController - 分页查询
2026-06-05 21:50:36.997 [http-nio-8080-exec-6] INFO  org.example.tliastest.controller.EmpController - 分页查询完成
2026-06-05 21:50:36.998 [http-nio-8080-exec-6] INFO  org.example.tliastest.aop.TestAspect - 员工操作耗时: 11ms
2026-06-05 21:50:36.998 [http-nio-8080-exec-6] INFO  org.example.tliastest.aop.TestAspect - 员工操作后: EmpController.getEmp
2026-06-05 21:50:52.730 [http-nio-8080-exec-4] INFO  org.example.tliastest.aop.TestAspect - 员工操作前: EmpController.getEmp
2026-06-05 21:50:52.730 [http-nio-8080-exec-4] INFO  org.example.tliastest.controller.EmpController - 分页查询
2026-06-05 21:50:52.758 [http-nio-8080-exec-4] INFO  org.example.tliastest.controller.EmpController - 分页查询完成
2026-06-05 21:50:52.758 [http-nio-8080-exec-4] INFO  org.example.tliastest.aop.TestAspect - 员工操作耗时: 28ms
2026-06-05 21:50:52.758 [http-nio-8080-exec-4] INFO  org.example.tliastest.aop.TestAspect - 员工操作后: EmpController.getEmp
2026-06-05 21:51:32.327 [http-nio-8080-exec-8] INFO  org.example.tliastest.controller.UploadController - 上传文件: 屏幕截图 2026-04-15 001034.png
2026-06-05 21:51:32.960 [http-nio-8080-exec-8] INFO  org.example.tliastest.controller.UploadController - 上传成功: https://teddizen-java-tesy.oss-cn-guangzhou.aliyuncs.com/2026/06/e20c206c-a1d0-4996-8696-811662468dc9.png
2026-06-05 21:52:54.566 [http-nio-8080-exec-9] INFO  org.example.tliastest.aop.TestAspect - 员工操作前: EmpController.getEmp
2026-06-05 21:52:54.568 [http-nio-8080-exec-9] INFO  org.example.tliastest.controller.EmpController - 分页查询
2026-06-05 21:52:54.573 [http-nio-8080-exec-9] INFO  org.example.tliastest.controller.EmpController - 分页查询完成
2026-06-05 21:52:54.573 [http-nio-8080-exec-9] INFO  org.example.tliastest.aop.TestAspect - 员工操作耗时: 7ms
2026-06-05 21:52:54.573 [http-nio-8080-exec-9] INFO  org.example.tliastest.aop.TestAspect - 员工操作后: EmpController.getEmp
2026-06-05 21:53:20.591 [http-nio-8080-exec-10] INFO  org.example.tliastest.controller.UploadController - 上传文件: 屏幕截图 2026-05-31 143257.png
2026-06-05 21:53:21.009 [http-nio-8080-exec-10] INFO  org.example.tliastest.controller.UploadController - 上传成功: https://teddizen-java-tesy.oss-cn-guangzhou.aliyuncs.com/2026/06/6f24a9d1-19ce-4a4a-95c2-4747daa25e12.png
2026-06-05 21:53:41.493 [http-nio-8080-exec-1] INFO  org.example.tliastest.aop.TestAspect - 员工操作前: EmpController.addEmp
2026-06-05 21:53:41.493 [http-nio-8080-exec-1] INFO  org.example.tliastest.controller.EmpController - 添加员工：Emp(id=null, username=zahngsan, password=null, name=张三, gender=1, phone=12344442222, job=3, salary=20000, image=https://teddizen-java-tesy.oss-cn-guangzhou.aliyuncs.com/2026/06/6f24a9d1-19ce-4a4a-95c2-4747daa25e12.png, entryDate=2025-05-26, deptId=null, createTime=null, updateTime=null, deptName=2, exprList=[EmpExpr(id=1, empId=null, begin=2024-06-11, end=2024-07-18, company=前期五千多, job=迭代器), EmpExpr(id=2, empId=null, begin=2024-06-10, end=2024-07-22, company=科技很过分, job=风格)])
2026-06-05 21:53:41.523 [http-nio-8080-exec-1] INFO  org.example.tliastest.aop.TestAspect - 员工操作耗时: 30ms
2026-06-05 21:53:41.523 [http-nio-8080-exec-1] INFO  org.example.tliastest.aop.TestAspect - 员工操作后: EmpController.addEmp
2026-06-05 21:54:45.541 [http-nio-8080-exec-2] INFO  org.example.tliastest.aop.TestAspect - 员工操作前: EmpController.getEmp
2026-06-05 21:54:45.541 [http-nio-8080-exec-2] INFO  org.example.tliastest.controller.EmpController - 分页查询
2026-06-05 21:54:45.588 [http-nio-8080-exec-2] INFO  org.example.tliastest.controller.EmpController - 分页查询完成
2026-06-05 21:54:45.588 [http-nio-8080-exec-2] INFO  org.example.tliastest.aop.TestAspect - 员工操作耗时: 47ms
2026-06-05 21:54:45.588 [http-nio-8080-exec-2] INFO  org.example.tliastest.aop.TestAspect - 员工操作后: EmpController.getEmp
2026-06-05 21:55:38.493 [http-nio-8080-exec-3] INFO  org.example.tliastest.controller.UploadController - 上传文件: 屏幕截图 2026-06-04 002622.png
2026-06-05 21:55:39.289 [http-nio-8080-exec-3] INFO  org.example.tliastest.controller.UploadController - 上传成功: https://teddizen-java-tesy.oss-cn-guangzhou.aliyuncs.com/2026/06/a8eed4d8-ee66-4e60-8fd9-b1aaf8ab4932.png
2026-06-05 21:55:46.806 [http-nio-8080-exec-7] INFO  org.example.tliastest.aop.TestAspect - 员工操作前: EmpController.addEmp
2026-06-05 21:55:46.806 [http-nio-8080-exec-7] INFO  org.example.tliastest.controller.EmpController - 添加员工：Emp(id=null, username=qqqwww, password=null, name=千翁, gender=2, phone=11255557777, job=5, salary=1000, image=https://teddizen-java-tesy.oss-cn-guangzhou.aliyuncs.com/2026/06/a8eed4d8-ee66-4e60-8fd9-b1aaf8ab4932.png, entryDate=2026-06-16, deptId=null, createTime=null, updateTime=null, deptName=1, exprList=[EmpExpr(id=1, empId=null, begin=2026-06-01, end=2026-07-14, company=qwqw, job=顶顶顶)])
2026-06-05 21:55:46.820 [http-nio-8080-exec-7] INFO  org.example.tliastest.aop.TestAspect - 员工操作耗时: 14ms
2026-06-05 21:55:46.820 [http-nio-8080-exec-7] INFO  org.example.tliastest.aop.TestAspect - 员工操作后: EmpController.addEmp
2026-06-05 21:56:06.730 [http-nio-8080-exec-5] INFO  org.example.tliastest.aop.TestAspect - 员工操作前: EmpController.getEmp
2026-06-05 21:56:06.731 [http-nio-8080-exec-5] INFO  org.example.tliastest.controller.EmpController - 分页查询
2026-06-05 21:56:06.736 [http-nio-8080-exec-5] INFO  org.example.tliastest.controller.EmpController - 分页查询完成
2026-06-05 21:56:06.736 [http-nio-8080-exec-5] INFO  org.example.tliastest.aop.TestAspect - 员工操作耗时: 6ms
2026-06-05 21:56:06.736 [http-nio-8080-exec-5] INFO  org.example.tliastest.aop.TestAspect - 员工操作后: EmpController.getEmp
2026-06-05 21:56:18.727 [http-nio-8080-exec-6] INFO  org.example.tliastest.aop.TestAspect - 员工操作前: EmpController.getIdEmp
2026-06-05 21:56:18.727 [http-nio-8080-exec-6] INFO  org.example.tliastest.controller.EmpController - 查询员工的id列表：50
2026-06-05 21:56:18.740 [http-nio-8080-exec-6] INFO  org.example.tliastest.controller.EmpController - 查询出来的员工的列表：Emp(id=50, username=qqqwww, password=null, name=千翁, gender=2, phone=11255557777, job=5, salary=1000, image=https://teddizen-java-tesy.oss-cn-guangzhou.aliyuncs.com/2026/06/a8eed4d8-ee66-4e60-8fd9-b1aaf8ab4932.png, entryDate=2026-06-16, deptId=null, createTime=2026-06-05T21:55:47, updateTime=2026-06-05T21:55:47, deptName=null, exprList=[EmpExpr(id=null, empId=50, begin=2026-06-01, end=2026-07-14, company=qwqw, job=顶顶顶)])
2026-06-05 21:56:18.740 [http-nio-8080-exec-6] INFO  org.example.tliastest.aop.TestAspect - 员工操作耗时: 13ms
2026-06-05 21:56:18.740 [http-nio-8080-exec-6] INFO  org.example.tliastest.aop.TestAspect - 员工操作后: EmpController.getIdEmp
2026-06-05 21:56:21.961 [http-nio-8080-exec-4] INFO  org.example.tliastest.aop.TestAspect - 员工操作前: EmpController.updateEmp
2026-06-05 21:56:21.980 [http-nio-8080-exec-4] INFO  org.example.tliastest.controller.EmpController - 更新员工：Emp(id=50, username=qqqwww, password=null, name=千翁, gender=2, phone=11255557777, job=5, salary=1000, image=https://teddizen-java-tesy.oss-cn-guangzhou.aliyuncs.com/2026/06/a8eed4d8-ee66-4e60-8fd9-b1aaf8ab4932.png, entryDate=2026-06-16, deptId=null, createTime=2026-06-05T21:55:47, updateTime=2026-06-05T21:56:21.962858100, deptName=1, exprList=[EmpExpr(id=1, empId=50, begin=2026-06-01, end=2026-07-14, company=qwqw, job=顶顶顶)])
2026-06-05 21:56:21.980 [http-nio-8080-exec-4] INFO  org.example.tliastest.aop.TestAspect - 员工操作耗时: 19ms
2026-06-05 21:56:21.980 [http-nio-8080-exec-4] INFO  org.example.tliastest.aop.TestAspect - 员工操作后: EmpController.updateEmp
2026-06-05 21:56:37.217 [http-nio-8080-exec-8] INFO  org.example.tliastest.aop.TestAspect - 员工操作前: EmpController.getEmp
2026-06-05 21:56:37.217 [http-nio-8080-exec-8] INFO  org.example.tliastest.controller.EmpController - 分页查询
2026-06-05 21:56:37.223 [http-nio-8080-exec-8] INFO  org.example.tliastest.controller.EmpController - 分页查询完成
2026-06-05 21:56:37.223 [http-nio-8080-exec-8] INFO  org.example.tliastest.aop.TestAspect - 员工操作耗时: 6ms
2026-06-05 21:56:37.223 [http-nio-8080-exec-8] INFO  org.example.tliastest.aop.TestAspect - 员工操作后: EmpController.getEmp
2026-06-05 21:56:41.162 [http-nio-8080-exec-9] INFO  org.example.tliastest.aop.TestAspect - 员工操作前: EmpController.getEmp
2026-06-05 21:56:41.166 [http-nio-8080-exec-9] INFO  org.example.tliastest.controller.EmpController - 分页查询
2026-06-05 21:56:41.174 [http-nio-8080-exec-9] INFO  org.example.tliastest.controller.EmpController - 分页查询完成
2026-06-05 21:56:41.174 [http-nio-8080-exec-9] INFO  org.example.tliastest.aop.TestAspect - 员工操作耗时: 12ms
2026-06-05 21:56:41.174 [http-nio-8080-exec-9] INFO  org.example.tliastest.aop.TestAspect - 员工操作后: EmpController.getEmp
2026-06-05 21:56:44.108 [http-nio-8080-exec-10] INFO  org.example.tliastest.aop.TestAspect - 员工操作前: EmpController.getIdEmp
2026-06-05 21:56:44.108 [http-nio-8080-exec-10] INFO  org.example.tliastest.controller.EmpController - 查询员工的id列表：50
2026-06-05 21:56:44.193 [http-nio-8080-exec-10] INFO  org.example.tliastest.controller.EmpController - 查询出来的员工的列表：Emp(id=50, username=qqqwww, password=null, name=千翁, gender=2, phone=11255557777, job=5, salary=1000, image=https://teddizen-java-tesy.oss-cn-guangzhou.aliyuncs.com/2026/06/a8eed4d8-ee66-4e60-8fd9-b1aaf8ab4932.png, entryDate=2026-06-16, deptId=null, createTime=2026-06-05T21:55:47, updateTime=2026-06-05T21:56:22, deptName=null, exprList=[EmpExpr(id=null, empId=50, begin=2026-06-01, end=2026-07-14, company=qwqw, job=顶顶顶)])
2026-06-05 21:56:44.193 [http-nio-8080-exec-10] INFO  org.example.tliastest.aop.TestAspect - 员工操作耗时: 85ms
2026-06-05 21:56:44.193 [http-nio-8080-exec-10] INFO  org.example.tliastest.aop.TestAspect - 员工操作后: EmpController.getIdEmp
2026-06-05 21:56:47.743 [http-nio-8080-exec-1] INFO  org.example.tliastest.aop.TestAspect - 员工操作前: EmpController.updateEmp
2026-06-05 21:56:47.761 [http-nio-8080-exec-1] INFO  org.example.tliastest.controller.EmpController - 更新员工：Emp(id=50, username=qqqwww, password=null, name=千翁, gender=2, phone=11255557777, job=5, salary=1000, image=https://teddizen-java-tesy.oss-cn-guangzhou.aliyuncs.com/2026/06/a8eed4d8-ee66-4e60-8fd9-b1aaf8ab4932.png, entryDate=2026-06-16, deptId=null, createTime=2026-06-05T21:55:47, updateTime=2026-06-05T21:56:47.745254300, deptName=1, exprList=[EmpExpr(id=1, empId=50, begin=2026-06-01, end=2026-07-14, company=qwqw, job=顶顶顶)])
2026-06-05 21:56:47.761 [http-nio-8080-exec-1] INFO  org.example.tliastest.aop.TestAspect - 员工操作耗时: 18ms
2026-06-05 21:56:47.761 [http-nio-8080-exec-1] INFO  org.example.tliastest.aop.TestAspect - 员工操作后: EmpController.updateEmp
2026-06-05 21:56:47.773 [http-nio-8080-exec-2] INFO  org.example.tliastest.aop.TestAspect - 员工操作前: EmpController.getEmp
2026-06-05 21:56:47.773 [http-nio-8080-exec-2] INFO  org.example.tliastest.controller.EmpController - 分页查询
2026-06-05 21:56:47.778 [http-nio-8080-exec-2] INFO  org.example.tliastest.controller.EmpController - 分页查询完成
2026-06-05 21:56:47.778 [http-nio-8080-exec-2] INFO  org.example.tliastest.aop.TestAspect - 员工操作耗时: 5ms
2026-06-05 21:56:47.778 [http-nio-8080-exec-2] INFO  org.example.tliastest.aop.TestAspect - 员工操作后: EmpController.getEmp
2026-06-05 21:57:17.177 [http-nio-8080-exec-3] INFO  org.example.tliastest.aop.TestAspect - 员工操作前: EmpController.addEmp
2026-06-05 21:57:17.177 [http-nio-8080-exec-3] INFO  org.example.tliastest.controller.EmpController - 添加员工：Emp(id=null, username=qw, password=null, name=缺位, gender=2, phone=11255558888, job=1, salary=12345, image=, entryDate=2026-06-07, deptId=null, createTime=null, updateTime=null, deptName=1, exprList=[EmpExpr(id=1, empId=null, begin=2026-06-09, end=2026-07-14, company=22, job=33)])
2026-06-05 21:57:17.211 [http-nio-8080-exec-3] INFO  org.example.tliastest.aop.TestAspect - 员工操作耗时: 34ms
2026-06-05 21:57:17.211 [http-nio-8080-exec-3] INFO  org.example.tliastest.aop.TestAspect - 员工操作后: EmpController.addEmp
2026-06-05 21:57:17.224 [http-nio-8080-exec-7] INFO  org.example.tliastest.aop.TestAspect - 员工操作前: EmpController.getEmp
2026-06-05 21:57:17.224 [http-nio-8080-exec-7] INFO  org.example.tliastest.controller.EmpController - 分页查询
2026-06-05 21:57:17.228 [http-nio-8080-exec-7] INFO  org.example.tliastest.controller.EmpController - 分页查询完成
2026-06-05 21:57:17.228 [http-nio-8080-exec-7] INFO  org.example.tliastest.aop.TestAspect - 员工操作耗时: 4ms
2026-06-05 21:57:17.228 [http-nio-8080-exec-7] INFO  org.example.tliastest.aop.TestAspect - 员工操作后: EmpController.getEmp
2026-06-05 22:02:45.712 [http-nio-8080-exec-5] INFO  org.example.tliastest.aop.TestAspect - 员工操作前: EmpController.getEmp
2026-06-05 22:02:45.712 [http-nio-8080-exec-5] INFO  org.example.tliastest.controller.EmpController - 分页查询
2026-06-05 22:02:45.718 [http-nio-8080-exec-5] INFO  org.example.tliastest.controller.EmpController - 分页查询完成
2026-06-05 22:02:45.718 [http-nio-8080-exec-5] INFO  org.example.tliastest.aop.TestAspect - 员工操作耗时: 6ms
2026-06-05 22:02:45.718 [http-nio-8080-exec-5] INFO  org.example.tliastest.aop.TestAspect - 员工操作后: EmpController.getEmp
2026-06-05 22:02:46.752 [http-nio-8080-exec-6] INFO  org.example.tliastest.aop.TestAspect - 员工操作前: EmpController.getEmp
2026-06-05 22:02:46.752 [http-nio-8080-exec-6] INFO  org.example.tliastest.controller.EmpController - 分页查询
2026-06-05 22:02:46.759 [http-nio-8080-exec-6] INFO  org.example.tliastest.controller.EmpController - 分页查询完成
2026-06-05 22:02:46.759 [http-nio-8080-exec-6] INFO  org.example.tliastest.aop.TestAspect - 员工操作耗时: 7ms
2026-06-05 22:02:46.759 [http-nio-8080-exec-6] INFO  org.example.tliastest.aop.TestAspect - 员工操作后: EmpController.getEmp
