2026-06-07 23:35:23.052 [main] INFO  org.example.tliastest.TliasTestApplication - Starting TliasTestApplication using Java 17.0.18 with PID 20752 (E:\code\SpringBoot-Study\Tlias-Test\target\classes started by TeddiZen in E:\code\SpringBoot-Study)
2026-06-07 23:35:23.057 [main] INFO  org.example.tliastest.TliasTestApplication - No active profile set, falling back to 1 default profile: "default"
2026-06-07 23:35:24.133 [main] INFO  org.springframework.boot.tomcat.TomcatWebServer - Tomcat initialized with port 8080 (http)
2026-06-07 23:35:24.152 [main] INFO  org.apache.coyote.http11.Http11NioProtocol - Initializing ProtocolHandler ["http-nio-8080"]
2026-06-07 23:35:24.154 [main] INFO  org.apache.catalina.core.StandardService - Starting service [Tomcat]
2026-06-07 23:35:24.155 [main] INFO  org.apache.catalina.core.StandardEngine - Starting Servlet engine: [Apache Tomcat/11.0.21]
2026-06-07 23:35:24.220 [main] INFO  o.s.b.w.c.servlet.WebApplicationContextInitializer - Root WebApplicationContext: initialization completed in 1123 ms
2026-06-07 23:35:24.955 [main] INFO  org.apache.coyote.http11.Http11NioProtocol - Starting ProtocolHandler ["http-nio-8080"]
2026-06-07 23:35:24.971 [main] INFO  org.springframework.boot.tomcat.TomcatWebServer - Tomcat started on port 8080 (http) with context path '/'
2026-06-07 23:35:24.976 [main] INFO  org.example.tliastest.TliasTestApplication - Started TliasTestApplication in 2.543 seconds (process running for 3.874)
2026-06-07 23:47:38.288 [http-nio-8080-exec-1] INFO  o.a.c.core.ContainerBase.[Tomcat].[localhost].[/] - Initializing Spring DispatcherServlet 'dispatcherServlet'
2026-06-07 23:47:38.294 [http-nio-8080-exec-1] INFO  org.springframework.web.servlet.DispatcherServlet - Initializing Servlet 'dispatcherServlet'
2026-06-07 23:47:38.345 [http-nio-8080-exec-1] INFO  org.springframework.web.servlet.DispatcherServlet - Completed initialization in 50 ms
2026-06-07 23:47:38.466 [http-nio-8080-exec-1] INFO  org.example.tliastest.aop.TestAspect - 员工操作前: EmpController.getEmp
2026-06-07 23:47:38.467 [http-nio-8080-exec-1] INFO  org.example.tliastest.controller.EmpController - 分页查询
2026-06-07 23:47:38.603 [http-nio-8080-exec-1] INFO  com.zaxxer.hikari.HikariDataSource - HikariPool-1 - Starting...
2026-06-07 23:47:39.157 [http-nio-8080-exec-1] INFO  com.zaxxer.hikari.pool.HikariPool - HikariPool-1 - Added connection com.mysql.cj.jdbc.ConnectionImpl@79240c3b
2026-06-07 23:47:39.160 [http-nio-8080-exec-1] INFO  com.zaxxer.hikari.HikariDataSource - HikariPool-1 - Start completed.
2026-06-07 23:47:39.307 [http-nio-8080-exec-1] INFO  org.example.tliastest.controller.EmpController - 分页查询完成
2026-06-07 23:47:39.307 [http-nio-8080-exec-1] INFO  org.example.tliastest.aop.TestAspect - 员工操作耗时: 842ms
2026-06-07 23:47:39.307 [http-nio-8080-exec-1] INFO  org.example.tliastest.aop.TestAspect - 员工操作后: EmpController.getEmp
2026-06-07 23:47:56.656 [http-nio-8080-exec-4] INFO  org.example.tliastest.aop.TestAspect - 员工操作前: EmpController.getEmp
2026-06-07 23:47:56.656 [http-nio-8080-exec-4] INFO  org.example.tliastest.controller.EmpController - 分页查询
2026-06-07 23:47:56.683 [http-nio-8080-exec-4] INFO  org.example.tliastest.controller.EmpController - 分页查询完成
2026-06-07 23:47:56.683 [http-nio-8080-exec-4] INFO  org.example.tliastest.aop.TestAspect - 员工操作耗时: 27ms
2026-06-07 23:47:56.683 [http-nio-8080-exec-4] INFO  org.example.tliastest.aop.TestAspect - 员工操作后: EmpController.getEmp
2026-06-07 23:50:13.586 [http-nio-8080-exec-2] INFO  org.example.tliastest.aop.TestAspect - 员工操作前: EmpController.getEmp
2026-06-07 23:50:13.586 [http-nio-8080-exec-2] INFO  org.example.tliastest.controller.EmpController - 分页查询
2026-06-07 23:50:13.599 [http-nio-8080-exec-2] INFO  org.example.tliastest.controller.EmpController - 分页查询完成
2026-06-07 23:50:13.600 [http-nio-8080-exec-2] INFO  org.example.tliastest.aop.TestAspect - 员工操作耗时: 14ms
2026-06-07 23:50:13.600 [http-nio-8080-exec-2] INFO  org.example.tliastest.aop.TestAspect - 员工操作后: EmpController.getEmp
2026-06-07 23:52:04.832 [http-nio-8080-exec-5] INFO  org.example.tliastest.aop.TestAspect - 员工操作前: EmpController.getEmp
2026-06-07 23:52:04.833 [http-nio-8080-exec-5] INFO  org.example.tliastest.controller.EmpController - 分页查询
2026-06-07 23:52:04.891 [http-nio-8080-exec-5] INFO  org.example.tliastest.controller.EmpController - 分页查询完成
2026-06-07 23:52:04.891 [http-nio-8080-exec-5] INFO  org.example.tliastest.aop.TestAspect - 员工操作耗时: 59ms
2026-06-07 23:52:04.891 [http-nio-8080-exec-5] INFO  org.example.tliastest.aop.TestAspect - 员工操作后: EmpController.getEmp
2026-06-07 23:52:18.574 [http-nio-8080-exec-6] INFO  org.example.tliastest.aop.TestAspect - 员工操作前: EmpController.getEmp
2026-06-07 23:52:18.574 [http-nio-8080-exec-6] INFO  org.example.tliastest.controller.EmpController - 分页查询
2026-06-07 23:52:18.584 [http-nio-8080-exec-6] INFO  org.example.tliastest.controller.EmpController - 分页查询完成
2026-06-07 23:52:18.584 [http-nio-8080-exec-6] INFO  org.example.tliastest.aop.TestAspect - 员工操作耗时: 10ms
2026-06-07 23:52:18.585 [http-nio-8080-exec-6] INFO  org.example.tliastest.aop.TestAspect - 员工操作后: EmpController.getEmp
2026-06-07 23:54:31.284 [http-nio-8080-exec-7] INFO  org.example.tliastest.aop.TestAspect - 员工操作前: EmpController.getEmp
2026-06-07 23:54:31.284 [http-nio-8080-exec-7] INFO  org.example.tliastest.controller.EmpController - 分页查询
2026-06-07 23:54:31.294 [http-nio-8080-exec-7] INFO  org.example.tliastest.controller.EmpController - 分页查询完成
2026-06-07 23:54:31.294 [http-nio-8080-exec-7] INFO  org.example.tliastest.aop.TestAspect - 员工操作耗时: 10ms
2026-06-07 23:54:31.294 [http-nio-8080-exec-7] INFO  org.example.tliastest.aop.TestAspect - 员工操作后: EmpController.getEmp
